[2023-11-20 18:12:29] local.ERROR: Mix manifest not found at: C:\Users\anton\OneDrive\Documents\GitHub\TLE1-Team7\userstory-2\public\/mix-manifest.json {"view":{"view":"C:\\Users\\anton\\OneDrive\\Documents\\GitHub\\TLE1-Team7\\userstory-2\\resources\\views\\colors.blade.php","data":{"errors":"<pre class=sf-dump id=sf-dump-1125894225 data-indent-pad=\"  \"><span class=sf-dump-note>Illuminate\\Support\\ViewErrorBag</span> {<a class=sf-dump-ref>#278</a><samp data-depth=1 class=sf-dump-expanded>
  #<span class=sf-dump-protected title=\"Protected property\">bags</span>: []
</samp>}
</pre><script>Sfdump(\"sf-dump-1125894225\", {\"maxDepth\":3,\"maxStringLength\":160})</script>
"}},"exception":"[object] (Spatie\\LaravelIgnition\\Exceptions\\ViewException(code: 0): Mix manifest not found at: C:\\Users\\anton\\OneDrive\\Documents\\GitHub\\TLE1-Team7\\userstory-2\\public\\/mix-manifest.json at C:\\Users\\anton\\OneDrive\\Documents\\GitHub\\TLE1-Team7\\userstory-2\\vendor\\laravel\\framework\\src\\Illuminate\\Foundation\\Mix.php:52)
[stacktrace]
#0 C:\\Users\\anton\\OneDrive\\Documents\\GitHub\\TLE1-Team7\\userstory-2\\vendor\\laravel\\framework\\src\\Illuminate\\Foundation\\helpers.php(545): Illuminate\\Foundation\\Mix->__invoke('/css/colors.css')
#1 C:\\Users\\anton\\OneDrive\\Documents\\GitHub\\TLE1-Team7\\userstory-2\\resources\\views\\colors.blade.php(25): mix('css/colors.css')
#2 C:\\Users\\anton\\OneDrive\\Documents\\GitHub\\TLE1-Team7\\userstory-2\\vendor\\laravel\\framework\\src\\Illuminate\\Filesystem\\Filesystem.php(124): require('C:\\\\Users\\\\anton\\\\...')
#3 C:\\Users\\anton\\OneDrive\\Documents\\GitHub\\TLE1-Team7\\userstory-2\\vendor\\laravel\\framework\\src\\Illuminate\\Filesystem\\Filesystem.php(125): Illuminate\\Filesystem\\Filesystem::Illuminate\\Filesystem\\{closure}()
#4 C:\\Users\\anton\\OneDrive\\Documents\\GitHub\\TLE1-Team7\\userstory-2\\vendor\\laravel\\framework\\src\\Illuminate\\View\\Engines\\PhpEngine.php(58): Illuminate\\Filesystem\\Filesystem->getRequire('C:\\\\Users\\\\anton\\\\...', Array)
#5 C:\\Users\\anton\\OneDrive\\Documents\\GitHub\\TLE1-Team7\\userstory-2\\vendor\\laravel\\framework\\src\\Illuminate\\View\\Engines\\CompilerEngine.php(72): Illuminate\\View\\Engines\\PhpEngine->evaluatePath('C:\\\\Users\\\\anton\\\\...', Array)
#6 C:\\Users\\anton\\OneDrive\\Documents\\GitHub\\TLE1-Team7\\userstory-2\\vendor\\laravel\\framework\\src\\Illuminate\\View\\View.php(207): Illuminate\\View\\Engines\\CompilerEngine->get('C:\\\\Users\\\\anton\\\\...', Array)
#7 C:\\Users\\anton\\OneDrive\\Documents\\GitHub\\TLE1-Team7\\userstory-2\\vendor\\laravel\\framework\\src\\Illuminate\\View\\View.php(190): Illuminate\\View\\View->getContents()
#8 C:\\Users\\anton\\OneDrive\\Documents\\GitHub\\TLE1-Team7\\userstory-2\\vendor\\laravel\\framework\\src\\Illuminate\\View\\View.php(159): Illuminate\\View\\View->renderContents()
#9 C:\\Users\\anton\\OneDrive\\Documents\\GitHub\\TLE1-Team7\\userstory-2\\vendor\\laravel\\framework\\src\\Illuminate\\Http\\Response.php(69): Illuminate\\View\\View->render()
#10 C:\\Users\\anton\\OneDrive\\Documents\\GitHub\\TLE1-Team7\\userstory-2\\vendor\\laravel\\framework\\src\\Illuminate\\Http\\Response.php(35): Illuminate\\Http\\Response->setContent(Object(Illuminate\\View\\View))
#11 C:\\Users\\anton\\OneDrive\\Documents\\GitHub\\TLE1-Team7\\userstory-2\\vendor\\laravel\\framework\\src\\Illuminate\\Routing\\Router.php(911): Illuminate\\Http\\Response->__construct(Object(Illuminate\\View\\View), 200, Array)
#12 C:\\Users\\anton\\OneDrive\\Documents\\GitHub\\TLE1-Team7\\userstory-2\\vendor\\laravel\\framework\\src\\Illuminate\\Routing\\Router.php(878): Illuminate\\Routing\\Router::toResponse(Object(Illuminate\\Http\\Request), Object(Illuminate\\View\\View))
#13 C:\\Users\\anton\\OneDrive\\Documents\\GitHub\\TLE1-Team7\\userstory-2\\vendor\\laravel\\framework\\src\\Illuminate\\Routing\\Router.php(799): Illuminate\\Routing\\Router->prepareResponse(Object(Illuminate\\Http\\Request), Object(Illuminate\\View\\View))
#14 C:\\Users\\anton\\OneDrive\\Documents\\GitHub\\TLE1-Team7\\userstory-2\\vendor\\laravel\\framework\\src\\Illuminate\\Pipeline\\Pipeline.php(141): Illuminate\\Routing\\Router->Illuminate\\Routing\\{closure}(Object(Illuminate\\Http\\Request))
#15 C:\\Users\\anton\\OneDrive\\Documents\\GitHub\\TLE1-Team7\\userstory-2\\vendor\\laravel\\framework\\src\\Illuminate\\Routing\\Middleware\\SubstituteBindings.php(50): Illuminate\\Pipeline\\Pipeline->Illuminate\\Pipeline\\{closure}(Object(Illuminate\\Http\\Request))
#16 C:\\Users\\anton\\OneDrive\\Documents\\GitHub\\TLE1-Team7\\userstory-2\\vendor\\laravel\\framework\\src\\Illuminate\\Pipeline\\Pipeline.php(180): Illuminate\\Routing\\Middleware\\SubstituteBindings->handle(Object(Illuminate\\Http\\Request), Object(Closure))
#17 C:\\Users\\anton\\OneDrive\\Documents\\GitHub\\TLE1-Team7\\userstory-2\\vendor\\laravel\\framework\\src\\Illuminate\\Foundation\\Http\\Middleware\\VerifyCsrfToken.php(78): Illuminate\\Pipeline\\Pipeline->Illuminate\\Pipeline\\{closure}(Object(Illuminate\\Http\\Request))
#18 C:\\Users\\anton\\OneDrive\\Documents\\GitHub\\TLE1-Team7\\userstory-2\\vendor\\laravel\\framework\\src\\Illuminate\\Pipeline\\Pipeline.php(180): Illuminate\\Foundation\\Http\\Middleware\\VerifyCsrfToken->handle(Object(Illuminate\\Http\\Request), Object(Closure))
#19 C:\\Users\\anton\\OneDrive\\Documents\\GitHub\\TLE1-Team7\\userstory-2\\vendor\\laravel\\framework\\src\\Illuminate\\View\\Middleware\\ShareErrorsFromSession.php(49): Illuminate\\Pipeline\\Pipeline->Illuminate\\Pipeline\\{closure}(Object(Illuminate\\Http\\Request))
#20 C:\\Users\\anton\\OneDrive\\Documents\\GitHub\\TLE1-Team7\\userstory-2\\vendor\\laravel\\framework\\src\\Illuminate\\Pipeline\\Pipeline.php(180): Illuminate\\View\\Middleware\\ShareErrorsFromSession->handle(Object(Illuminate\\Http\\Request), Object(Closure))
#21 C:\\Users\\anton\\OneDrive\\Documents\\GitHub\\TLE1-Team7\\userstory-2\\vendor\\laravel\\framework\\src\\Illuminate\\Session\\Middleware\\StartSession.php(121): Illuminate\\Pipeline\\Pipeline->Illuminate\\Pipeline\\{closure}(Object(Illuminate\\Http\\Request))
#22 C:\\Users\\anton\\OneDrive\\Documents\\GitHub\\TLE1-Team7\\userstory-2\\vendor\\laravel\\framework\\src\\Illuminate\\Session\\Middleware\\StartSession.php(64): Illuminate\\Session\\Middleware\\StartSession->handleStatefulRequest(Object(Illuminate\\Http\\Request), Object(Illuminate\\Session\\Store), Object(Closure))
#23 C:\\Users\\anton\\OneDrive\\Documents\\GitHub\\TLE1-Team7\\userstory-2\\vendor\\laravel\\framework\\src\\Illuminate\\Pipeline\\Pipeline.php(180): Illuminate\\Session\\Middleware\\StartSession->handle(Object(Illuminate\\Http\\Request), Object(Closure))
#24 C:\\Users\\anton\\OneDrive\\Documents\\GitHub\\TLE1-Team7\\userstory-2\\vendor\\laravel\\framework\\src\\Illuminate\\Cookie\\Middleware\\AddQueuedCookiesToResponse.php(37): Illuminate\\Pipeline\\Pipeline->Illuminate\\Pipeline\\{closure}(Object(Illuminate\\Http\\Request))
#25 C:\\Users\\anton\\OneDrive\\Documents\\GitHub\\TLE1-Team7\\userstory-2\\vendor\\laravel\\framework\\src\\Illuminate\\Pipeline\\Pipeline.php(180): Illuminate\\Cookie\\Middleware\\AddQueuedCookiesToResponse->handle(Object(Illuminate\\Http\\Request), Object(Closure))
#26 C:\\Users\\anton\\OneDrive\\Documents\\GitHub\\TLE1-Team7\\userstory-2\\vendor\\laravel\\framework\\src\\Illuminate\\Cookie\\Middleware\\EncryptCookies.php(67): Illuminate\\Pipeline\\Pipeline->Illuminate\\Pipeline\\{closure}(Object(Illuminate\\Http\\Request))
#27 C:\\Users\\anton\\OneDrive\\Documents\\GitHub\\TLE1-Team7\\userstory-2\\vendor\\laravel\\framework\\src\\Illuminate\\Pipeline\\Pipeline.php(180): Illuminate\\Cookie\\Middleware\\EncryptCookies->handle(Object(Illuminate\\Http\\Request), Object(Closure))
#28 C:\\Users\\anton\\OneDrive\\Documents\\GitHub\\TLE1-Team7\\userstory-2\\vendor\\laravel\\framework\\src\\Illuminate\\Pipeline\\Pipeline.php(116): Illuminate\\Pipeline\\Pipeline->Illuminate\\Pipeline\\{closure}(Object(Illuminate\\Http\\Request))
#29 C:\\Users\\anton\\OneDrive\\Documents\\GitHub\\TLE1-Team7\\userstory-2\\vendor\\laravel\\framework\\src\\Illuminate\\Routing\\Router.php(800): Illuminate\\Pipeline\\Pipeline->then(Object(Closure))
#30 C:\\Users\\anton\\OneDrive\\Documents\\GitHub\\TLE1-Team7\\userstory-2\\vendor\\laravel\\framework\\src\\Illuminate\\Routing\\Router.php(777): Illuminate\\Routing\\Router->runRouteWithinStack(Object(Illuminate\\Routing\\Route), Object(Illuminate\\Http\\Request))
#31 C:\\Users\\anton\\OneDrive\\Documents\\GitHub\\TLE1-Team7\\userstory-2\\vendor\\laravel\\framework\\src\\Illuminate\\Routing\\Router.php(741): Illuminate\\Routing\\Router->runRoute(Object(Illuminate\\Http\\Request), Object(Illuminate\\Routing\\Route))
#32 C:\\Users\\anton\\OneDrive\\Documents\\GitHub\\TLE1-Team7\\userstory-2\\vendor\\laravel\\framework\\src\\Illuminate\\Routing\\Router.php(730): Illuminate\\Routing\\Router->dispatchToRoute(Object(Illuminate\\Http\\Request))
#33 C:\\Users\\anton\\OneDrive\\Documents\\GitHub\\TLE1-Team7\\userstory-2\\vendor\\laravel\\framework\\src\\Illuminate\\Foundation\\Http\\Kernel.php(200): Illuminate\\Routing\\Router->dispatch(Object(Illuminate\\Http\\Request))
#34 C:\\Users\\anton\\OneDrive\\Documents\\GitHub\\TLE1-Team7\\userstory-2\\vendor\\laravel\\framework\\src\\Illuminate\\Pipeline\\Pipeline.php(141): Illuminate\\Foundation\\Http\\Kernel->Illuminate\\Foundation\\Http\\{closure}(Object(Illuminate\\Http\\Request))
#35 C:\\Users\\anton\\OneDrive\\Documents\\GitHub\\TLE1-Team7\\userstory-2\\vendor\\laravel\\framework\\src\\Illuminate\\Foundation\\Http\\Middleware\\TransformsRequest.php(21): Illuminate\\Pipeline\\Pipeline->Illuminate\\Pipeline\\{closure}(Object(Illuminate\\Http\\Request))
#36 C:\\Users\\anton\\OneDrive\\Documents\\GitHub\\TLE1-Team7\\userstory-2\\vendor\\laravel\\framework\\src\\Illuminate\\Foundation\\Http\\Middleware\\ConvertEmptyStringsToNull.php(31): Illuminate\\Foundation\\Http\\Middleware\\TransformsRequest->handle(Object(Illuminate\\Http\\Request), Object(Closure))
#37 C:\\Users\\anton\\OneDrive\\Documents\\GitHub\\TLE1-Team7\\userstory-2\\vendor\\laravel\\framework\\src\\Illuminate\\Pipeline\\Pipeline.php(180): Illuminate\\Foundation\\Http\\Middleware\\ConvertEmptyStringsToNull->handle(Object(Illuminate\\Http\\Request), Object(Closure))
#38 C:\\Users\\anton\\OneDrive\\Documents\\GitHub\\TLE1-Team7\\userstory-2\\vendor\\laravel\\framework\\src\\Illuminate\\Foundation\\Http\\Middleware\\TransformsRequest.php(21): Illuminate\\Pipeline\\Pipeline->Illuminate\\Pipeline\\{closure}(Object(Illuminate\\Http\\Request))
#39 C:\\Users\\anton\\OneDrive\\Documents\\GitHub\\TLE1-Team7\\userstory-2\\vendor\\laravel\\framework\\src\\Illuminate\\Foundation\\Http\\Middleware\\TrimStrings.php(40): Illuminate\\Foundation\\Http\\Middleware\\TransformsRequest->handle(Object(Illuminate\\Http\\Request), Object(Closure))
#40 C:\\Users\\anton\\OneDrive\\Documents\\GitHub\\TLE1-Team7\\userstory-2\\vendor\\laravel\\framework\\src\\Illuminate\\Pipeline\\Pipeline.php(180): Illuminate\\Foundation\\Http\\Middleware\\TrimStrings->handle(Object(Illuminate\\Http\\Request), Object(Closure))
#41 C:\\Users\\anton\\OneDrive\\Documents\\GitHub\\TLE1-Team7\\userstory-2\\vendor\\laravel\\framework\\src\\Illuminate\\Foundation\\Http\\Middleware\\ValidatePostSize.php(27): Illuminate\\Pipeline\\Pipeline->Illuminate\\Pipeline\\{closure}(Object(Illuminate\\Http\\Request))
#42 C:\\Users\\anton\\OneDrive\\Documents\\GitHub\\TLE1-Team7\\userstory-2\\vendor\\laravel\\framework\\src\\Illuminate\\Pipeline\\Pipeline.php(180): Illuminate\\Foundation\\Http\\Middleware\\ValidatePostSize->handle(Object(Illuminate\\Http\\Request), Object(Closure))
#43 C:\\Users\\anton\\OneDrive\\Documents\\GitHub\\TLE1-Team7\\userstory-2\\vendor\\laravel\\framework\\src\\Illuminate\\Foundation\\Http\\Middleware\\PreventRequestsDuringMaintenance.php(99): Illuminate\\Pipeline\\Pipeline->Illuminate\\Pipeline\\{closure}(Object(Illuminate\\Http\\Request))
#44 C:\\Users\\anton\\OneDrive\\Documents\\GitHub\\TLE1-Team7\\userstory-2\\vendor\\laravel\\framework\\src\\Illuminate\\Pipeline\\Pipeline.php(180): Illuminate\\Foundation\\Http\\Middleware\\PreventRequestsDuringMaintenance->handle(Object(Illuminate\\Http\\Request), Object(Closure))
#45 C:\\Users\\anton\\OneDrive\\Documents\\GitHub\\TLE1-Team7\\userstory-2\\vendor\\laravel\\framework\\src\\Illuminate\\Http\\Middleware\\HandleCors.php(49): Illuminate\\Pipeline\\Pipeline->Illuminate\\Pipeline\\{closure}(Object(Illuminate\\Http\\Request))
#46 C:\\Users\\anton\\OneDrive\\Documents\\GitHub\\TLE1-Team7\\userstory-2\\vendor\\laravel\\framework\\src\\Illuminate\\Pipeline\\Pipeline.php(180): Illuminate\\Http\\Middleware\\HandleCors->handle(Object(Illuminate\\Http\\Request), Object(Closure))
#47 C:\\Users\\anton\\OneDrive\\Documents\\GitHub\\TLE1-Team7\\userstory-2\\vendor\\laravel\\framework\\src\\Illuminate\\Http\\Middleware\\TrustProxies.php(39): Illuminate\\Pipeline\\Pipeline->Illuminate\\Pipeline\\{closure}(Object(Illuminate\\Http\\Request))
#48 C:\\Users\\anton\\OneDrive\\Documents\\GitHub\\TLE1-Team7\\userstory-2\\vendor\\laravel\\framework\\src\\Illuminate\\Pipeline\\Pipeline.php(180): Illuminate\\Http\\Middleware\\TrustProxies->handle(Object(Illuminate\\Http\\Request), Object(Closure))
#49 C:\\Users\\anton\\OneDrive\\Documents\\GitHub\\TLE1-Team7\\userstory-2\\vendor\\laravel\\framework\\src\\Illuminate\\Pipeline\\Pipeline.php(116): Illuminate\\Pipeline\\Pipeline->Illuminate\\Pipeline\\{closure}(Object(Illuminate\\Http\\Request))
#50 C:\\Users\\anton\\OneDrive\\Documents\\GitHub\\TLE1-Team7\\userstory-2\\vendor\\laravel\\framework\\src\\Illuminate\\Foundation\\Http\\Kernel.php(175): Illuminate\\Pipeline\\Pipeline->then(Object(Closure))
#51 C:\\Users\\anton\\OneDrive\\Documents\\GitHub\\TLE1-Team7\\userstory-2\\vendor\\laravel\\framework\\src\\Illuminate\\Foundation\\Http\\Kernel.php(144): Illuminate\\Foundation\\Http\\Kernel->sendRequestThroughRouter(Object(Illuminate\\Http\\Request))
#52 C:\\Users\\anton\\OneDrive\\Documents\\GitHub\\TLE1-Team7\\userstory-2\\public\\index.php(52): Illuminate\\Foundation\\Http\\Kernel->handle(Object(Illuminate\\Http\\Request))
#53 C:\\Users\\anton\\OneDrive\\Documents\\GitHub\\TLE1-Team7\\userstory-2\\vendor\\laravel\\framework\\src\\Illuminate\\Foundation\\resources\\server.php(16): require_once('C:\\\\Users\\\\anton\\\\...')
#54 {main}

[previous exception] [object] (Exception(code: 0): Mix manifest not found at: C:\\Users\\anton\\OneDrive\\Documents\\GitHub\\TLE1-Team7\\userstory-2\\public\\/mix-manifest.json at C:\\Users\\anton\\OneDrive\\Documents\\GitHub\\TLE1-Team7\\userstory-2\\vendor\\laravel\\framework\\src\\Illuminate\\Foundation\\Mix.php:52)
[stacktrace]
#0 C:\\Users\\anton\\OneDrive\\Documents\\GitHub\\TLE1-Team7\\userstory-2\\vendor\\laravel\\framework\\src\\Illuminate\\Foundation\\helpers.php(545): Illuminate\\Foundation\\Mix->__invoke('/css/colors.css')
#1 C:\\Users\\anton\\OneDrive\\Documents\\GitHub\\TLE1-Team7\\userstory-2\\storage\\framework\\views\\79e1b13aa991ea8fded1b9d7d2dbc9de.php(25): mix('css/colors.css')
#2 C:\\Users\\anton\\OneDrive\\Documents\\GitHub\\TLE1-Team7\\userstory-2\\vendor\\laravel\\framework\\src\\Illuminate\\Filesystem\\Filesystem.php(124): require('C:\\\\Users\\\\anton\\\\...')
#3 C:\\Users\\anton\\OneDrive\\Documents\\GitHub\\TLE1-Team7\\userstory-2\\vendor\\laravel\\framework\\src\\Illuminate\\Filesystem\\Filesystem.php(125): Illuminate\\Filesystem\\Filesystem::Illuminate\\Filesystem\\{closure}()
#4 C:\\Users\\anton\\OneDrive\\Documents\\GitHub\\TLE1-Team7\\userstory-2\\vendor\\laravel\\framework\\src\\Illuminate\\View\\Engines\\PhpEngine.php(58): Illuminate\\Filesystem\\Filesystem->getRequire('C:\\\\Users\\\\anton\\\\...', Array)
#5 C:\\Users\\anton\\OneDrive\\Documents\\GitHub\\TLE1-Team7\\userstory-2\\vendor\\laravel\\framework\\src\\Illuminate\\View\\Engines\\CompilerEngine.php(72): Illuminate\\View\\Engines\\PhpEngine->evaluatePath('C:\\\\Users\\\\anton\\\\...', Array)
#6 C:\\Users\\anton\\OneDrive\\Documents\\GitHub\\TLE1-Team7\\userstory-2\\vendor\\laravel\\framework\\src\\Illuminate\\View\\View.php(207): Illuminate\\View\\Engines\\CompilerEngine->get('C:\\\\Users\\\\anton\\\\...', Array)
#7 C:\\Users\\anton\\OneDrive\\Documents\\GitHub\\TLE1-Team7\\userstory-2\\vendor\\laravel\\framework\\src\\Illuminate\\View\\View.php(190): Illuminate\\View\\View->getContents()
#8 C:\\Users\\anton\\OneDrive\\Documents\\GitHub\\TLE1-Team7\\userstory-2\\vendor\\laravel\\framework\\src\\Illuminate\\View\\View.php(159): Illuminate\\View\\View->renderContents()
#9 C:\\Users\\anton\\OneDrive\\Documents\\GitHub\\TLE1-Team7\\userstory-2\\vendor\\laravel\\framework\\src\\Illuminate\\Http\\Response.php(69): Illuminate\\View\\View->render()
#10 C:\\Users\\anton\\OneDrive\\Documents\\GitHub\\TLE1-Team7\\userstory-2\\vendor\\laravel\\framework\\src\\Illuminate\\Http\\Response.php(35): Illuminate\\Http\\Response->setContent(Object(Illuminate\\View\\View))
#11 C:\\Users\\anton\\OneDrive\\Documents\\GitHub\\TLE1-Team7\\userstory-2\\vendor\\laravel\\framework\\src\\Illuminate\\Routing\\Router.php(911): Illuminate\\Http\\Response->__construct(Object(Illuminate\\View\\View), 200, Array)
#12 C:\\Users\\anton\\OneDrive\\Documents\\GitHub\\TLE1-Team7\\userstory-2\\vendor\\laravel\\framework\\src\\Illuminate\\Routing\\Router.php(878): Illuminate\\Routing\\Router::toResponse(Object(Illuminate\\Http\\Request), Object(Illuminate\\View\\View))
#13 C:\\Users\\anton\\OneDrive\\Documents\\GitHub\\TLE1-Team7\\userstory-2\\vendor\\laravel\\framework\\src\\Illuminate\\Routing\\Router.php(799): Illuminate\\Routing\\Router->prepareResponse(Object(Illuminate\\Http\\Request), Object(Illuminate\\View\\View))
#14 C:\\Users\\anton\\OneDrive\\Documents\\GitHub\\TLE1-Team7\\userstory-2\\vendor\\laravel\\framework\\src\\Illuminate\\Pipeline\\Pipeline.php(141): Illuminate\\Routing\\Router->Illuminate\\Routing\\{closure}(Object(Illuminate\\Http\\Request))
#15 C:\\Users\\anton\\OneDrive\\Documents\\GitHub\\TLE1-Team7\\userstory-2\\vendor\\laravel\\framework\\src\\Illuminate\\Routing\\Middleware\\SubstituteBindings.php(50): Illuminate\\Pipeline\\Pipeline->Illuminate\\Pipeline\\{closure}(Object(Illuminate\\Http\\Request))
#16 C:\\Users\\anton\\OneDrive\\Documents\\GitHub\\TLE1-Team7\\userstory-2\\vendor\\laravel\\framework\\src\\Illuminate\\Pipeline\\Pipeline.php(180): Illuminate\\Routing\\Middleware\\SubstituteBindings->handle(Object(Illuminate\\Http\\Request), Object(Closure))
#17 C:\\Users\\anton\\OneDrive\\Documents\\GitHub\\TLE1-Team7\\userstory-2\\vendor\\laravel\\framework\\src\\Illuminate\\Foundation\\Http\\Middleware\\VerifyCsrfToken.php(78): Illuminate\\Pipeline\\Pipeline->Illuminate\\Pipeline\\{closure}(Object(Illuminate\\Http\\Request))
#18 C:\\Users\\anton\\OneDrive\\Documents\\GitHub\\TLE1-Team7\\userstory-2\\vendor\\laravel\\framework\\src\\Illuminate\\Pipeline\\Pipeline.php(180): Illuminate\\Foundation\\Http\\Middleware\\VerifyCsrfToken->handle(Object(Illuminate\\Http\\Request), Object(Closure))
#19 C:\\Users\\anton\\OneDrive\\Documents\\GitHub\\TLE1-Team7\\userstory-2\\vendor\\laravel\\framework\\src\\Illuminate\\View\\Middleware\\ShareErrorsFromSession.php(49): Illuminate\\Pipeline\\Pipeline->Illuminate\\Pipeline\\{closure}(Object(Illuminate\\Http\\Request))
#20 C:\\Users\\anton\\OneDrive\\Documents\\GitHub\\TLE1-Team7\\userstory-2\\vendor\\laravel\\framework\\src\\Illuminate\\Pipeline\\Pipeline.php(180): Illuminate\\View\\Middleware\\ShareErrorsFromSession->handle(Object(Illuminate\\Http\\Request), Object(Closure))
#21 C:\\Users\\anton\\OneDrive\\Documents\\GitHub\\TLE1-Team7\\userstory-2\\vendor\\laravel\\framework\\src\\Illuminate\\Session\\Middleware\\StartSession.php(121): Illuminate\\Pipeline\\Pipeline->Illuminate\\Pipeline\\{closure}(Object(Illuminate\\Http\\Request))
#22 C:\\Users\\anton\\OneDrive\\Documents\\GitHub\\TLE1-Team7\\userstory-2\\vendor\\laravel\\framework\\src\\Illuminate\\Session\\Middleware\\StartSession.php(64): Illuminate\\Session\\Middleware\\StartSession->handleStatefulRequest(Object(Illuminate\\Http\\Request), Object(Illuminate\\Session\\Store), Object(Closure))
#23 C:\\Users\\anton\\OneDrive\\Documents\\GitHub\\TLE1-Team7\\userstory-2\\vendor\\laravel\\framework\\src\\Illuminate\\Pipeline\\Pipeline.php(180): Illuminate\\Session\\Middleware\\StartSession->handle(Object(Illuminate\\Http\\Request), Object(Closure))
#24 C:\\Users\\anton\\OneDrive\\Documents\\GitHub\\TLE1-Team7\\userstory-2\\vendor\\laravel\\framework\\src\\Illuminate\\Cookie\\Middleware\\AddQueuedCookiesToResponse.php(37): Illuminate\\Pipeline\\Pipeline->Illuminate\\Pipeline\\{closure}(Object(Illuminate\\Http\\Request))
#25 C:\\Users\\anton\\OneDrive\\Documents\\GitHub\\TLE1-Team7\\userstory-2\\vendor\\laravel\\framework\\src\\Illuminate\\Pipeline\\Pipeline.php(180): Illuminate\\Cookie\\Middleware\\AddQueuedCookiesToResponse->handle(Object(Illuminate\\Http\\Request), Object(Closure))
#26 C:\\Users\\anton\\OneDrive\\Documents\\GitHub\\TLE1-Team7\\userstory-2\\vendor\\laravel\\framework\\src\\Illuminate\\Cookie\\Middleware\\EncryptCookies.php(67): Illuminate\\Pipeline\\Pipeline->Illuminate\\Pipeline\\{closure}(Object(Illuminate\\Http\\Request))
#27 C:\\Users\\anton\\OneDrive\\Documents\\GitHub\\TLE1-Team7\\userstory-2\\vendor\\laravel\\framework\\src\\Illuminate\\Pipeline\\Pipeline.php(180): Illuminate\\Cookie\\Middleware\\EncryptCookies->handle(Object(Illuminate\\Http\\Request), Object(Closure))
#28 C:\\Users\\anton\\OneDrive\\Documents\\GitHub\\TLE1-Team7\\userstory-2\\vendor\\laravel\\framework\\src\\Illuminate\\Pipeline\\Pipeline.php(116): Illuminate\\Pipeline\\Pipeline->Illuminate\\Pipeline\\{closure}(Object(Illuminate\\Http\\Request))
#29 C:\\Users\\anton\\OneDrive\\Documents\\GitHub\\TLE1-Team7\\userstory-2\\vendor\\laravel\\framework\\src\\Illuminate\\Routing\\Router.php(800): Illuminate\\Pipeline\\Pipeline->then(Object(Closure))
#30 C:\\Users\\anton\\OneDrive\\Documents\\GitHub\\TLE1-Team7\\userstory-2\\vendor\\laravel\\framework\\src\\Illuminate\\Routing\\Router.php(777): Illuminate\\Routing\\Router->runRouteWithinStack(Object(Illuminate\\Routing\\Route), Object(Illuminate\\Http\\Request))
#31 C:\\Users\\anton\\OneDrive\\Documents\\GitHub\\TLE1-Team7\\userstory-2\\vendor\\laravel\\framework\\src\\Illuminate\\Routing\\Router.php(741): Illuminate\\Routing\\Router->runRoute(Object(Illuminate\\Http\\Request), Object(Illuminate\\Routing\\Route))
#32 C:\\Users\\anton\\OneDrive\\Documents\\GitHub\\TLE1-Team7\\userstory-2\\vendor\\laravel\\framework\\src\\Illuminate\\Routing\\Router.php(730): Illuminate\\Routing\\Router->dispatchToRoute(Object(Illuminate\\Http\\Request))
#33 C:\\Users\\anton\\OneDrive\\Documents\\GitHub\\TLE1-Team7\\userstory-2\\vendor\\laravel\\framework\\src\\Illuminate\\Foundation\\Http\\Kernel.php(200): Illuminate\\Routing\\Router->dispatch(Object(Illuminate\\Http\\Request))
#34 C:\\Users\\anton\\OneDrive\\Documents\\GitHub\\TLE1-Team7\\userstory-2\\vendor\\laravel\\framework\\src\\Illuminate\\Pipeline\\Pipeline.php(141): Illuminate\\Foundation\\Http\\Kernel->Illuminate\\Foundation\\Http\\{closure}(Object(Illuminate\\Http\\Request))
#35 C:\\Users\\anton\\OneDrive\\Documents\\GitHub\\TLE1-Team7\\userstory-2\\vendor\\laravel\\framework\\src\\Illuminate\\Foundation\\Http\\Middleware\\TransformsRequest.php(21): Illuminate\\Pipeline\\Pipeline->Illuminate\\Pipeline\\{closure}(Object(Illuminate\\Http\\Request))
#36 C:\\Users\\anton\\OneDrive\\Documents\\GitHub\\TLE1-Team7\\userstory-2\\vendor\\laravel\\framework\\src\\Illuminate\\Foundation\\Http\\Middleware\\ConvertEmptyStringsToNull.php(31): Illuminate\\Foundation\\Http\\Middleware\\TransformsRequest->handle(Object(Illuminate\\Http\\Request), Object(Closure))
#37 C:\\Users\\anton\\OneDrive\\Documents\\GitHub\\TLE1-Team7\\userstory-2\\vendor\\laravel\\framework\\src\\Illuminate\\Pipeline\\Pipeline.php(180): Illuminate\\Foundation\\Http\\Middleware\\ConvertEmptyStringsToNull->handle(Object(Illuminate\\Http\\Request), Object(Closure))
#38 C:\\Users\\anton\\OneDrive\\Documents\\GitHub\\TLE1-Team7\\userstory-2\\vendor\\laravel\\framework\\src\\Illuminate\\Foundation\\Http\\Middleware\\TransformsRequest.php(21): Illuminate\\Pipeline\\Pipeline->Illuminate\\Pipeline\\{closure}(Object(Illuminate\\Http\\Request))
#39 C:\\Users\\anton\\OneDrive\\Documents\\GitHub\\TLE1-Team7\\userstory-2\\vendor\\laravel\\framework\\src\\Illuminate\\Foundation\\Http\\Middleware\\TrimStrings.php(40): Illuminate\\Foundation\\Http\\Middleware\\TransformsRequest->handle(Object(Illuminate\\Http\\Request), Object(Closure))
#40 C:\\Users\\anton\\OneDrive\\Documents\\GitHub\\TLE1-Team7\\userstory-2\\vendor\\laravel\\framework\\src\\Illuminate\\Pipeline\\Pipeline.php(180): Illuminate\\Foundation\\Http\\Middleware\\TrimStrings->handle(Object(Illuminate\\Http\\Request), Object(Closure))
#41 C:\\Users\\anton\\OneDrive\\Documents\\GitHub\\TLE1-Team7\\userstory-2\\vendor\\laravel\\framework\\src\\Illuminate\\Foundation\\Http\\Middleware\\ValidatePostSize.php(27): Illuminate\\Pipeline\\Pipeline->Illuminate\\Pipeline\\{closure}(Object(Illuminate\\Http\\Request))
#42 C:\\Users\\anton\\OneDrive\\Documents\\GitHub\\TLE1-Team7\\userstory-2\\vendor\\laravel\\framework\\src\\Illuminate\\Pipeline\\Pipeline.php(180): Illuminate\\Foundation\\Http\\Middleware\\ValidatePostSize->handle(Object(Illuminate\\Http\\Request), Object(Closure))
#43 C:\\Users\\anton\\OneDrive\\Documents\\GitHub\\TLE1-Team7\\userstory-2\\vendor\\laravel\\framework\\src\\Illuminate\\Foundation\\Http\\Middleware\\PreventRequestsDuringMaintenance.php(99): Illuminate\\Pipeline\\Pipeline->Illuminate\\Pipeline\\{closure}(Object(Illuminate\\Http\\Request))
#44 C:\\Users\\anton\\OneDrive\\Documents\\GitHub\\TLE1-Team7\\userstory-2\\vendor\\laravel\\framework\\src\\Illuminate\\Pipeline\\Pipeline.php(180): Illuminate\\Foundation\\Http\\Middleware\\PreventRequestsDuringMaintenance->handle(Object(Illuminate\\Http\\Request), Object(Closure))
#45 C:\\Users\\anton\\OneDrive\\Documents\\GitHub\\TLE1-Team7\\userstory-2\\vendor\\laravel\\framework\\src\\Illuminate\\Http\\Middleware\\HandleCors.php(49): Illuminate\\Pipeline\\Pipeline->Illuminate\\Pipeline\\{closure}(Object(Illuminate\\Http\\Request))
#46 C:\\Users\\anton\\OneDrive\\Documents\\GitHub\\TLE1-Team7\\userstory-2\\vendor\\laravel\\framework\\src\\Illuminate\\Pipeline\\Pipeline.php(180): Illuminate\\Http\\Middleware\\HandleCors->handle(Object(Illuminate\\Http\\Request), Object(Closure))
#47 C:\\Users\\anton\\OneDrive\\Documents\\GitHub\\TLE1-Team7\\userstory-2\\vendor\\laravel\\framework\\src\\Illuminate\\Http\\Middleware\\TrustProxies.php(39): Illuminate\\Pipeline\\Pipeline->Illuminate\\Pipeline\\{closure}(Object(Illuminate\\Http\\Request))
#48 C:\\Users\\anton\\OneDrive\\Documents\\GitHub\\TLE1-Team7\\userstory-2\\vendor\\laravel\\framework\\src\\Illuminate\\Pipeline\\Pipeline.php(180): Illuminate\\Http\\Middleware\\TrustProxies->handle(Object(Illuminate\\Http\\Request), Object(Closure))
#49 C:\\Users\\anton\\OneDrive\\Documents\\GitHub\\TLE1-Team7\\userstory-2\\vendor\\laravel\\framework\\src\\Illuminate\\Pipeline\\Pipeline.php(116): Illuminate\\Pipeline\\Pipeline->Illuminate\\Pipeline\\{closure}(Object(Illuminate\\Http\\Request))
#50 C:\\Users\\anton\\OneDrive\\Documents\\GitHub\\TLE1-Team7\\userstory-2\\vendor\\laravel\\framework\\src\\Illuminate\\Foundation\\Http\\Kernel.php(175): Illuminate\\Pipeline\\Pipeline->then(Object(Closure))
#51 C:\\Users\\anton\\OneDrive\\Documents\\GitHub\\TLE1-Team7\\userstory-2\\vendor\\laravel\\framework\\src\\Illuminate\\Foundation\\Http\\Kernel.php(144): Illuminate\\Foundation\\Http\\Kernel->sendRequestThroughRouter(Object(Illuminate\\Http\\Request))
#52 C:\\Users\\anton\\OneDrive\\Documents\\GitHub\\TLE1-Team7\\userstory-2\\public\\index.php(52): Illuminate\\Foundation\\Http\\Kernel->handle(Object(Illuminate\\Http\\Request))
#53 C:\\Users\\anton\\OneDrive\\Documents\\GitHub\\TLE1-Team7\\userstory-2\\vendor\\laravel\\framework\\src\\Illuminate\\Foundation\\resources\\server.php(16): require_once('C:\\\\Users\\\\anton\\\\...')
#54 {main}
"} 
[2023-11-20 18:20:33] local.ERROR: Mix manifest not found at: C:\Users\anton\OneDrive\Documents\GitHub\TLE1-Team7\userstory-2\public\/mix-manifest.json {"view":{"view":"C:\\Users\\anton\\OneDrive\\Documents\\GitHub\\TLE1-Team7\\userstory-2\\resources\\views\\colors.blade.php","data":{"errors":"<pre class=sf-dump id=sf-dump-996073237 data-indent-pad=\"  \"><span class=sf-dump-note>Illuminate\\Support\\ViewErrorBag</span> {<a class=sf-dump-ref>#278</a><samp data-depth=1 class=sf-dump-expanded>
  #<span class=sf-dump-protected title=\"Protected property\">bags</span>: []
</samp>}
</pre><script>Sfdump(\"sf-dump-996073237\", {\"maxDepth\":3,\"maxStringLength\":160})</script>
"}},"exception":"[object] (Spatie\\LaravelIgnition\\Exceptions\\ViewException(code: 0): Mix manifest not found at: C:\\Users\\anton\\OneDrive\\Documents\\GitHub\\TLE1-Team7\\userstory-2\\public\\/mix-manifest.json at C:\\Users\\anton\\OneDrive\\Documents\\GitHub\\TLE1-Team7\\userstory-2\\vendor\\laravel\\framework\\src\\Illuminate\\Foundation\\Mix.php:52)
[stacktrace]
#0 C:\\Users\\anton\\OneDrive\\Documents\\GitHub\\TLE1-Team7\\userstory-2\\vendor\\laravel\\framework\\src\\Illuminate\\Foundation\\helpers.php(545): Illuminate\\Foundation\\Mix->__invoke('/css/colors.scs...')
#1 C:\\Users\\anton\\OneDrive\\Documents\\GitHub\\TLE1-Team7\\userstory-2\\resources\\views\\colors.blade.php(25): mix('css/colors.scss')
#2 C:\\Users\\anton\\OneDrive\\Documents\\GitHub\\TLE1-Team7\\userstory-2\\vendor\\laravel\\framework\\src\\Illuminate\\Filesystem\\Filesystem.php(124): require('C:\\\\Users\\\\anton\\\\...')
#3 C:\\Users\\anton\\OneDrive\\Documents\\GitHub\\TLE1-Team7\\userstory-2\\vendor\\laravel\\framework\\src\\Illuminate\\Filesystem\\Filesystem.php(125): Illuminate\\Filesystem\\Filesystem::Illuminate\\Filesystem\\{closure}()
#4 C:\\Users\\anton\\OneDrive\\Documents\\GitHub\\TLE1-Team7\\userstory-2\\vendor\\laravel\\framework\\src\\Illuminate\\View\\Engines\\PhpEngine.php(58): Illuminate\\Filesystem\\Filesystem->getRequire('C:\\\\Users\\\\anton\\\\...', Array)
#5 C:\\Users\\anton\\OneDrive\\Documents\\GitHub\\TLE1-Team7\\userstory-2\\vendor\\laravel\\framework\\src\\Illuminate\\View\\Engines\\CompilerEngine.php(72): Illuminate\\View\\Engines\\PhpEngine->evaluatePath('C:\\\\Users\\\\anton\\\\...', Array)
#6 C:\\Users\\anton\\OneDrive\\Documents\\GitHub\\TLE1-Team7\\userstory-2\\vendor\\laravel\\framework\\src\\Illuminate\\View\\View.php(207): Illuminate\\View\\Engines\\CompilerEngine->get('C:\\\\Users\\\\anton\\\\...', Array)
#7 C:\\Users\\anton\\OneDrive\\Documents\\GitHub\\TLE1-Team7\\userstory-2\\vendor\\laravel\\framework\\src\\Illuminate\\View\\View.php(190): Illuminate\\View\\View->getContents()
#8 C:\\Users\\anton\\OneDrive\\Documents\\GitHub\\TLE1-Team7\\userstory-2\\vendor\\laravel\\framework\\src\\Illuminate\\View\\View.php(159): Illuminate\\View\\View->renderContents()
#9 C:\\Users\\anton\\OneDrive\\Documents\\GitHub\\TLE1-Team7\\userstory-2\\vendor\\laravel\\framework\\src\\Illuminate\\Http\\Response.php(69): Illuminate\\View\\View->render()
#10 C:\\Users\\anton\\OneDrive\\Documents\\GitHub\\TLE1-Team7\\userstory-2\\vendor\\laravel\\framework\\src\\Illuminate\\Http\\Response.php(35): Illuminate\\Http\\Response->setContent(Object(Illuminate\\View\\View))
#11 C:\\Users\\anton\\OneDrive\\Documents\\GitHub\\TLE1-Team7\\userstory-2\\vendor\\laravel\\framework\\src\\Illuminate\\Routing\\Router.php(911): Illuminate\\Http\\Response->__construct(Object(Illuminate\\View\\View), 200, Array)
#12 C:\\Users\\anton\\OneDrive\\Documents\\GitHub\\TLE1-Team7\\userstory-2\\vendor\\laravel\\framework\\src\\Illuminate\\Routing\\Router.php(878): Illuminate\\Routing\\Router::toResponse(Object(Illuminate\\Http\\Request), Object(Illuminate\\View\\View))
#13 C:\\Users\\anton\\OneDrive\\Documents\\GitHub\\TLE1-Team7\\userstory-2\\vendor\\laravel\\framework\\src\\Illuminate\\Routing\\Router.php(799): Illuminate\\Routing\\Router->prepareResponse(Object(Illuminate\\Http\\Request), Object(Illuminate\\View\\View))
#14 C:\\Users\\anton\\OneDrive\\Documents\\GitHub\\TLE1-Team7\\userstory-2\\vendor\\laravel\\framework\\src\\Illuminate\\Pipeline\\Pipeline.php(141): Illuminate\\Routing\\Router->Illuminate\\Routing\\{closure}(Object(Illuminate\\Http\\Request))
#15 C:\\Users\\anton\\OneDrive\\Documents\\GitHub\\TLE1-Team7\\userstory-2\\vendor\\laravel\\framework\\src\\Illuminate\\Routing\\Middleware\\SubstituteBindings.php(50): Illuminate\\Pipeline\\Pipeline->Illuminate\\Pipeline\\{closure}(Object(Illuminate\\Http\\Request))
#16 C:\\Users\\anton\\OneDrive\\Documents\\GitHub\\TLE1-Team7\\userstory-2\\vendor\\laravel\\framework\\src\\Illuminate\\Pipeline\\Pipeline.php(180): Illuminate\\Routing\\Middleware\\SubstituteBindings->handle(Object(Illuminate\\Http\\Request), Object(Closure))
#17 C:\\Users\\anton\\OneDrive\\Documents\\GitHub\\TLE1-Team7\\userstory-2\\vendor\\laravel\\framework\\src\\Illuminate\\Foundation\\Http\\Middleware\\VerifyCsrfToken.php(78): Illuminate\\Pipeline\\Pipeline->Illuminate\\Pipeline\\{closure}(Object(Illuminate\\Http\\Request))
#18 C:\\Users\\anton\\OneDrive\\Documents\\GitHub\\TLE1-Team7\\userstory-2\\vendor\\laravel\\framework\\src\\Illuminate\\Pipeline\\Pipeline.php(180): Illuminate\\Foundation\\Http\\Middleware\\VerifyCsrfToken->handle(Object(Illuminate\\Http\\Request), Object(Closure))
#19 C:\\Users\\anton\\OneDrive\\Documents\\GitHub\\TLE1-Team7\\userstory-2\\vendor\\laravel\\framework\\src\\Illuminate\\View\\Middleware\\ShareErrorsFromSession.php(49): Illuminate\\Pipeline\\Pipeline->Illuminate\\Pipeline\\{closure}(Object(Illuminate\\Http\\Request))
#20 C:\\Users\\anton\\OneDrive\\Documents\\GitHub\\TLE1-Team7\\userstory-2\\vendor\\laravel\\framework\\src\\Illuminate\\Pipeline\\Pipeline.php(180): Illuminate\\View\\Middleware\\ShareErrorsFromSession->handle(Object(Illuminate\\Http\\Request), Object(Closure))
#21 C:\\Users\\anton\\OneDrive\\Documents\\GitHub\\TLE1-Team7\\userstory-2\\vendor\\laravel\\framework\\src\\Illuminate\\Session\\Middleware\\StartSession.php(121): Illuminate\\Pipeline\\Pipeline->Illuminate\\Pipeline\\{closure}(Object(Illuminate\\Http\\Request))
#22 C:\\Users\\anton\\OneDrive\\Documents\\GitHub\\TLE1-Team7\\userstory-2\\vendor\\laravel\\framework\\src\\Illuminate\\Session\\Middleware\\StartSession.php(64): Illuminate\\Session\\Middleware\\StartSession->handleStatefulRequest(Object(Illuminate\\Http\\Request), Object(Illuminate\\Session\\Store), Object(Closure))
#23 C:\\Users\\anton\\OneDrive\\Documents\\GitHub\\TLE1-Team7\\userstory-2\\vendor\\laravel\\framework\\src\\Illuminate\\Pipeline\\Pipeline.php(180): Illuminate\\Session\\Middleware\\StartSession->handle(Object(Illuminate\\Http\\Request), Object(Closure))
#24 C:\\Users\\anton\\OneDrive\\Documents\\GitHub\\TLE1-Team7\\userstory-2\\vendor\\laravel\\framework\\src\\Illuminate\\Cookie\\Middleware\\AddQueuedCookiesToResponse.php(37): Illuminate\\Pipeline\\Pipeline->Illuminate\\Pipeline\\{closure}(Object(Illuminate\\Http\\Request))
#25 C:\\Users\\anton\\OneDrive\\Documents\\GitHub\\TLE1-Team7\\userstory-2\\vendor\\laravel\\framework\\src\\Illuminate\\Pipeline\\Pipeline.php(180): Illuminate\\Cookie\\Middleware\\AddQueuedCookiesToResponse->handle(Object(Illuminate\\Http\\Request), Object(Closure))
#26 C:\\Users\\anton\\OneDrive\\Documents\\GitHub\\TLE1-Team7\\userstory-2\\vendor\\laravel\\framework\\src\\Illuminate\\Cookie\\Middleware\\EncryptCookies.php(67): Illuminate\\Pipeline\\Pipeline->Illuminate\\Pipeline\\{closure}(Object(Illuminate\\Http\\Request))
#27 C:\\Users\\anton\\OneDrive\\Documents\\GitHub\\TLE1-Team7\\userstory-2\\vendor\\laravel\\framework\\src\\Illuminate\\Pipeline\\Pipeline.php(180): Illuminate\\Cookie\\Middleware\\EncryptCookies->handle(Object(Illuminate\\Http\\Request), Object(Closure))
#28 C:\\Users\\anton\\OneDrive\\Documents\\GitHub\\TLE1-Team7\\userstory-2\\vendor\\laravel\\framework\\src\\Illuminate\\Pipeline\\Pipeline.php(116): Illuminate\\Pipeline\\Pipeline->Illuminate\\Pipeline\\{closure}(Object(Illuminate\\Http\\Request))
#29 C:\\Users\\anton\\OneDrive\\Documents\\GitHub\\TLE1-Team7\\userstory-2\\vendor\\laravel\\framework\\src\\Illuminate\\Routing\\Router.php(800): Illuminate\\Pipeline\\Pipeline->then(Object(Closure))
#30 C:\\Users\\anton\\OneDrive\\Documents\\GitHub\\TLE1-Team7\\userstory-2\\vendor\\laravel\\framework\\src\\Illuminate\\Routing\\Router.php(777): Illuminate\\Routing\\Router->runRouteWithinStack(Object(Illuminate\\Routing\\Route), Object(Illuminate\\Http\\Request))
#31 C:\\Users\\anton\\OneDrive\\Documents\\GitHub\\TLE1-Team7\\userstory-2\\vendor\\laravel\\framework\\src\\Illuminate\\Routing\\Router.php(741): Illuminate\\Routing\\Router->runRoute(Object(Illuminate\\Http\\Request), Object(Illuminate\\Routing\\Route))
#32 C:\\Users\\anton\\OneDrive\\Documents\\GitHub\\TLE1-Team7\\userstory-2\\vendor\\laravel\\framework\\src\\Illuminate\\Routing\\Router.php(730): Illuminate\\Routing\\Router->dispatchToRoute(Object(Illuminate\\Http\\Request))
#33 C:\\Users\\anton\\OneDrive\\Documents\\GitHub\\TLE1-Team7\\userstory-2\\vendor\\laravel\\framework\\src\\Illuminate\\Foundation\\Http\\Kernel.php(200): Illuminate\\Routing\\Router->dispatch(Object(Illuminate\\Http\\Request))
#34 C:\\Users\\anton\\OneDrive\\Documents\\GitHub\\TLE1-Team7\\userstory-2\\vendor\\laravel\\framework\\src\\Illuminate\\Pipeline\\Pipeline.php(141): Illuminate\\Foundation\\Http\\Kernel->Illuminate\\Foundation\\Http\\{closure}(Object(Illuminate\\Http\\Request))
#35 C:\\Users\\anton\\OneDrive\\Documents\\GitHub\\TLE1-Team7\\userstory-2\\vendor\\laravel\\framework\\src\\Illuminate\\Foundation\\Http\\Middleware\\TransformsRequest.php(21): Illuminate\\Pipeline\\Pipeline->Illuminate\\Pipeline\\{closure}(Object(Illuminate\\Http\\Request))
#36 C:\\Users\\anton\\OneDrive\\Documents\\GitHub\\TLE1-Team7\\userstory-2\\vendor\\laravel\\framework\\src\\Illuminate\\Foundation\\Http\\Middleware\\ConvertEmptyStringsToNull.php(31): Illuminate\\Foundation\\Http\\Middleware\\TransformsRequest->handle(Object(Illuminate\\Http\\Request), Object(Closure))
#37 C:\\Users\\anton\\OneDrive\\Documents\\GitHub\\TLE1-Team7\\userstory-2\\vendor\\laravel\\framework\\src\\Illuminate\\Pipeline\\Pipeline.php(180): Illuminate\\Foundation\\Http\\Middleware\\ConvertEmptyStringsToNull->handle(Object(Illuminate\\Http\\Request), Object(Closure))
#38 C:\\Users\\anton\\OneDrive\\Documents\\GitHub\\TLE1-Team7\\userstory-2\\vendor\\laravel\\framework\\src\\Illuminate\\Foundation\\Http\\Middleware\\TransformsRequest.php(21): Illuminate\\Pipeline\\Pipeline->Illuminate\\Pipeline\\{closure}(Object(Illuminate\\Http\\Request))
#39 C:\\Users\\anton\\OneDrive\\Documents\\GitHub\\TLE1-Team7\\userstory-2\\vendor\\laravel\\framework\\src\\Illuminate\\Foundation\\Http\\Middleware\\TrimStrings.php(40): Illuminate\\Foundation\\Http\\Middleware\\TransformsRequest->handle(Object(Illuminate\\Http\\Request), Object(Closure))
#40 C:\\Users\\anton\\OneDrive\\Documents\\GitHub\\TLE1-Team7\\userstory-2\\vendor\\laravel\\framework\\src\\Illuminate\\Pipeline\\Pipeline.php(180): Illuminate\\Foundation\\Http\\Middleware\\TrimStrings->handle(Object(Illuminate\\Http\\Request), Object(Closure))
#41 C:\\Users\\anton\\OneDrive\\Documents\\GitHub\\TLE1-Team7\\userstory-2\\vendor\\laravel\\framework\\src\\Illuminate\\Foundation\\Http\\Middleware\\ValidatePostSize.php(27): Illuminate\\Pipeline\\Pipeline->Illuminate\\Pipeline\\{closure}(Object(Illuminate\\Http\\Request))
#42 C:\\Users\\anton\\OneDrive\\Documents\\GitHub\\TLE1-Team7\\userstory-2\\vendor\\laravel\\framework\\src\\Illuminate\\Pipeline\\Pipeline.php(180): Illuminate\\Foundation\\Http\\Middleware\\ValidatePostSize->handle(Object(Illuminate\\Http\\Request), Object(Closure))
#43 C:\\Users\\anton\\OneDrive\\Documents\\GitHub\\TLE1-Team7\\userstory-2\\vendor\\laravel\\framework\\src\\Illuminate\\Foundation\\Http\\Middleware\\PreventRequestsDuringMaintenance.php(99): Illuminate\\Pipeline\\Pipeline->Illuminate\\Pipeline\\{closure}(Object(Illuminate\\Http\\Request))
#44 C:\\Users\\anton\\OneDrive\\Documents\\GitHub\\TLE1-Team7\\userstory-2\\vendor\\laravel\\framework\\src\\Illuminate\\Pipeline\\Pipeline.php(180): Illuminate\\Foundation\\Http\\Middleware\\PreventRequestsDuringMaintenance->handle(Object(Illuminate\\Http\\Request), Object(Closure))
#45 C:\\Users\\anton\\OneDrive\\Documents\\GitHub\\TLE1-Team7\\userstory-2\\vendor\\laravel\\framework\\src\\Illuminate\\Http\\Middleware\\HandleCors.php(49): Illuminate\\Pipeline\\Pipeline->Illuminate\\Pipeline\\{closure}(Object(Illuminate\\Http\\Request))
#46 C:\\Users\\anton\\OneDrive\\Documents\\GitHub\\TLE1-Team7\\userstory-2\\vendor\\laravel\\framework\\src\\Illuminate\\Pipeline\\Pipeline.php(180): Illuminate\\Http\\Middleware\\HandleCors->handle(Object(Illuminate\\Http\\Request), Object(Closure))
#47 C:\\Users\\anton\\OneDrive\\Documents\\GitHub\\TLE1-Team7\\userstory-2\\vendor\\laravel\\framework\\src\\Illuminate\\Http\\Middleware\\TrustProxies.php(39): Illuminate\\Pipeline\\Pipeline->Illuminate\\Pipeline\\{closure}(Object(Illuminate\\Http\\Request))
#48 C:\\Users\\anton\\OneDrive\\Documents\\GitHub\\TLE1-Team7\\userstory-2\\vendor\\laravel\\framework\\src\\Illuminate\\Pipeline\\Pipeline.php(180): Illuminate\\Http\\Middleware\\TrustProxies->handle(Object(Illuminate\\Http\\Request), Object(Closure))
#49 C:\\Users\\anton\\OneDrive\\Documents\\GitHub\\TLE1-Team7\\userstory-2\\vendor\\laravel\\framework\\src\\Illuminate\\Pipeline\\Pipeline.php(116): Illuminate\\Pipeline\\Pipeline->Illuminate\\Pipeline\\{closure}(Object(Illuminate\\Http\\Request))
#50 C:\\Users\\anton\\OneDrive\\Documents\\GitHub\\TLE1-Team7\\userstory-2\\vendor\\laravel\\framework\\src\\Illuminate\\Foundation\\Http\\Kernel.php(175): Illuminate\\Pipeline\\Pipeline->then(Object(Closure))
#51 C:\\Users\\anton\\OneDrive\\Documents\\GitHub\\TLE1-Team7\\userstory-2\\vendor\\laravel\\framework\\src\\Illuminate\\Foundation\\Http\\Kernel.php(144): Illuminate\\Foundation\\Http\\Kernel->sendRequestThroughRouter(Object(Illuminate\\Http\\Request))
#52 C:\\Users\\anton\\OneDrive\\Documents\\GitHub\\TLE1-Team7\\userstory-2\\public\\index.php(52): Illuminate\\Foundation\\Http\\Kernel->handle(Object(Illuminate\\Http\\Request))
#53 C:\\Users\\anton\\OneDrive\\Documents\\GitHub\\TLE1-Team7\\userstory-2\\vendor\\laravel\\framework\\src\\Illuminate\\Foundation\\resources\\server.php(16): require_once('C:\\\\Users\\\\anton\\\\...')
#54 {main}

[previous exception] [object] (Exception(code: 0): Mix manifest not found at: C:\\Users\\anton\\OneDrive\\Documents\\GitHub\\TLE1-Team7\\userstory-2\\public\\/mix-manifest.json at C:\\Users\\anton\\OneDrive\\Documents\\GitHub\\TLE1-Team7\\userstory-2\\vendor\\laravel\\framework\\src\\Illuminate\\Foundation\\Mix.php:52)
[stacktrace]
#0 C:\\Users\\anton\\OneDrive\\Documents\\GitHub\\TLE1-Team7\\userstory-2\\vendor\\laravel\\framework\\src\\Illuminate\\Foundation\\helpers.php(545): Illuminate\\Foundation\\Mix->__invoke('/css/colors.scs...')
#1 C:\\Users\\anton\\OneDrive\\Documents\\GitHub\\TLE1-Team7\\userstory-2\\storage\\framework\\views\\79e1b13aa991ea8fded1b9d7d2dbc9de.php(25): mix('css/colors.scss')
#2 C:\\Users\\anton\\OneDrive\\Documents\\GitHub\\TLE1-Team7\\userstory-2\\vendor\\laravel\\framework\\src\\Illuminate\\Filesystem\\Filesystem.php(124): require('C:\\\\Users\\\\anton\\\\...')
#3 C:\\Users\\anton\\OneDrive\\Documents\\GitHub\\TLE1-Team7\\userstory-2\\vendor\\laravel\\framework\\src\\Illuminate\\Filesystem\\Filesystem.php(125): Illuminate\\Filesystem\\Filesystem::Illuminate\\Filesystem\\{closure}()
#4 C:\\Users\\anton\\OneDrive\\Documents\\GitHub\\TLE1-Team7\\userstory-2\\vendor\\laravel\\framework\\src\\Illuminate\\View\\Engines\\PhpEngine.php(58): Illuminate\\Filesystem\\Filesystem->getRequire('C:\\\\Users\\\\anton\\\\...', Array)
#5 C:\\Users\\anton\\OneDrive\\Documents\\GitHub\\TLE1-Team7\\userstory-2\\vendor\\laravel\\framework\\src\\Illuminate\\View\\Engines\\CompilerEngine.php(72): Illuminate\\View\\Engines\\PhpEngine->evaluatePath('C:\\\\Users\\\\anton\\\\...', Array)
#6 C:\\Users\\anton\\OneDrive\\Documents\\GitHub\\TLE1-Team7\\userstory-2\\vendor\\laravel\\framework\\src\\Illuminate\\View\\View.php(207): Illuminate\\View\\Engines\\CompilerEngine->get('C:\\\\Users\\\\anton\\\\...', Array)
#7 C:\\Users\\anton\\OneDrive\\Documents\\GitHub\\TLE1-Team7\\userstory-2\\vendor\\laravel\\framework\\src\\Illuminate\\View\\View.php(190): Illuminate\\View\\View->getContents()
#8 C:\\Users\\anton\\OneDrive\\Documents\\GitHub\\TLE1-Team7\\userstory-2\\vendor\\laravel\\framework\\src\\Illuminate\\View\\View.php(159): Illuminate\\View\\View->renderContents()
#9 C:\\Users\\anton\\OneDrive\\Documents\\GitHub\\TLE1-Team7\\userstory-2\\vendor\\laravel\\framework\\src\\Illuminate\\Http\\Response.php(69): Illuminate\\View\\View->render()
#10 C:\\Users\\anton\\OneDrive\\Documents\\GitHub\\TLE1-Team7\\userstory-2\\vendor\\laravel\\framework\\src\\Illuminate\\Http\\Response.php(35): Illuminate\\Http\\Response->setContent(Object(Illuminate\\View\\View))
#11 C:\\Users\\anton\\OneDrive\\Documents\\GitHub\\TLE1-Team7\\userstory-2\\vendor\\laravel\\framework\\src\\Illuminate\\Routing\\Router.php(911): Illuminate\\Http\\Response->__construct(Object(Illuminate\\View\\View), 200, Array)
#12 C:\\Users\\anton\\OneDrive\\Documents\\GitHub\\TLE1-Team7\\userstory-2\\vendor\\laravel\\framework\\src\\Illuminate\\Routing\\Router.php(878): Illuminate\\Routing\\Router::toResponse(Object(Illuminate\\Http\\Request), Object(Illuminate\\View\\View))
#13 C:\\Users\\anton\\OneDrive\\Documents\\GitHub\\TLE1-Team7\\userstory-2\\vendor\\laravel\\framework\\src\\Illuminate\\Routing\\Router.php(799): Illuminate\\Routing\\Router->prepareResponse(Object(Illuminate\\Http\\Request), Object(Illuminate\\View\\View))
#14 C:\\Users\\anton\\OneDrive\\Documents\\GitHub\\TLE1-Team7\\userstory-2\\vendor\\laravel\\framework\\src\\Illuminate\\Pipeline\\Pipeline.php(141): Illuminate\\Routing\\Router->Illuminate\\Routing\\{closure}(Object(Illuminate\\Http\\Request))
#15 C:\\Users\\anton\\OneDrive\\Documents\\GitHub\\TLE1-Team7\\userstory-2\\vendor\\laravel\\framework\\src\\Illuminate\\Routing\\Middleware\\SubstituteBindings.php(50): Illuminate\\Pipeline\\Pipeline->Illuminate\\Pipeline\\{closure}(Object(Illuminate\\Http\\Request))
#16 C:\\Users\\anton\\OneDrive\\Documents\\GitHub\\TLE1-Team7\\userstory-2\\vendor\\laravel\\framework\\src\\Illuminate\\Pipeline\\Pipeline.php(180): Illuminate\\Routing\\Middleware\\SubstituteBindings->handle(Object(Illuminate\\Http\\Request), Object(Closure))
#17 C:\\Users\\anton\\OneDrive\\Documents\\GitHub\\TLE1-Team7\\userstory-2\\vendor\\laravel\\framework\\src\\Illuminate\\Foundation\\Http\\Middleware\\VerifyCsrfToken.php(78): Illuminate\\Pipeline\\Pipeline->Illuminate\\Pipeline\\{closure}(Object(Illuminate\\Http\\Request))
#18 C:\\Users\\anton\\OneDrive\\Documents\\GitHub\\TLE1-Team7\\userstory-2\\vendor\\laravel\\framework\\src\\Illuminate\\Pipeline\\Pipeline.php(180): Illuminate\\Foundation\\Http\\Middleware\\VerifyCsrfToken->handle(Object(Illuminate\\Http\\Request), Object(Closure))
#19 C:\\Users\\anton\\OneDrive\\Documents\\GitHub\\TLE1-Team7\\userstory-2\\vendor\\laravel\\framework\\src\\Illuminate\\View\\Middleware\\ShareErrorsFromSession.php(49): Illuminate\\Pipeline\\Pipeline->Illuminate\\Pipeline\\{closure}(Object(Illuminate\\Http\\Request))
#20 C:\\Users\\anton\\OneDrive\\Documents\\GitHub\\TLE1-Team7\\userstory-2\\vendor\\laravel\\framework\\src\\Illuminate\\Pipeline\\Pipeline.php(180): Illuminate\\View\\Middleware\\ShareErrorsFromSession->handle(Object(Illuminate\\Http\\Request), Object(Closure))
#21 C:\\Users\\anton\\OneDrive\\Documents\\GitHub\\TLE1-Team7\\userstory-2\\vendor\\laravel\\framework\\src\\Illuminate\\Session\\Middleware\\StartSession.php(121): Illuminate\\Pipeline\\Pipeline->Illuminate\\Pipeline\\{closure}(Object(Illuminate\\Http\\Request))
#22 C:\\Users\\anton\\OneDrive\\Documents\\GitHub\\TLE1-Team7\\userstory-2\\vendor\\laravel\\framework\\src\\Illuminate\\Session\\Middleware\\StartSession.php(64): Illuminate\\Session\\Middleware\\StartSession->handleStatefulRequest(Object(Illuminate\\Http\\Request), Object(Illuminate\\Session\\Store), Object(Closure))
#23 C:\\Users\\anton\\OneDrive\\Documents\\GitHub\\TLE1-Team7\\userstory-2\\vendor\\laravel\\framework\\src\\Illuminate\\Pipeline\\Pipeline.php(180): Illuminate\\Session\\Middleware\\StartSession->handle(Object(Illuminate\\Http\\Request), Object(Closure))
#24 C:\\Users\\anton\\OneDrive\\Documents\\GitHub\\TLE1-Team7\\userstory-2\\vendor\\laravel\\framework\\src\\Illuminate\\Cookie\\Middleware\\AddQueuedCookiesToResponse.php(37): Illuminate\\Pipeline\\Pipeline->Illuminate\\Pipeline\\{closure}(Object(Illuminate\\Http\\Request))
#25 C:\\Users\\anton\\OneDrive\\Documents\\GitHub\\TLE1-Team7\\userstory-2\\vendor\\laravel\\framework\\src\\Illuminate\\Pipeline\\Pipeline.php(180): Illuminate\\Cookie\\Middleware\\AddQueuedCookiesToResponse->handle(Object(Illuminate\\Http\\Request), Object(Closure))
#26 C:\\Users\\anton\\OneDrive\\Documents\\GitHub\\TLE1-Team7\\userstory-2\\vendor\\laravel\\framework\\src\\Illuminate\\Cookie\\Middleware\\EncryptCookies.php(67): Illuminate\\Pipeline\\Pipeline->Illuminate\\Pipeline\\{closure}(Object(Illuminate\\Http\\Request))
#27 C:\\Users\\anton\\OneDrive\\Documents\\GitHub\\TLE1-Team7\\userstory-2\\vendor\\laravel\\framework\\src\\Illuminate\\Pipeline\\Pipeline.php(180): Illuminate\\Cookie\\Middleware\\EncryptCookies->handle(Object(Illuminate\\Http\\Request), Object(Closure))
#28 C:\\Users\\anton\\OneDrive\\Documents\\GitHub\\TLE1-Team7\\userstory-2\\vendor\\laravel\\framework\\src\\Illuminate\\Pipeline\\Pipeline.php(116): Illuminate\\Pipeline\\Pipeline->Illuminate\\Pipeline\\{closure}(Object(Illuminate\\Http\\Request))
#29 C:\\Users\\anton\\OneDrive\\Documents\\GitHub\\TLE1-Team7\\userstory-2\\vendor\\laravel\\framework\\src\\Illuminate\\Routing\\Router.php(800): Illuminate\\Pipeline\\Pipeline->then(Object(Closure))
#30 C:\\Users\\anton\\OneDrive\\Documents\\GitHub\\TLE1-Team7\\userstory-2\\vendor\\laravel\\framework\\src\\Illuminate\\Routing\\Router.php(777): Illuminate\\Routing\\Router->runRouteWithinStack(Object(Illuminate\\Routing\\Route), Object(Illuminate\\Http\\Request))
#31 C:\\Users\\anton\\OneDrive\\Documents\\GitHub\\TLE1-Team7\\userstory-2\\vendor\\laravel\\framework\\src\\Illuminate\\Routing\\Router.php(741): Illuminate\\Routing\\Router->runRoute(Object(Illuminate\\Http\\Request), Object(Illuminate\\Routing\\Route))
#32 C:\\Users\\anton\\OneDrive\\Documents\\GitHub\\TLE1-Team7\\userstory-2\\vendor\\laravel\\framework\\src\\Illuminate\\Routing\\Router.php(730): Illuminate\\Routing\\Router->dispatchToRoute(Object(Illuminate\\Http\\Request))
#33 C:\\Users\\anton\\OneDrive\\Documents\\GitHub\\TLE1-Team7\\userstory-2\\vendor\\laravel\\framework\\src\\Illuminate\\Foundation\\Http\\Kernel.php(200): Illuminate\\Routing\\Router->dispatch(Object(Illuminate\\Http\\Request))
#34 C:\\Users\\anton\\OneDrive\\Documents\\GitHub\\TLE1-Team7\\userstory-2\\vendor\\laravel\\framework\\src\\Illuminate\\Pipeline\\Pipeline.php(141): Illuminate\\Foundation\\Http\\Kernel->Illuminate\\Foundation\\Http\\{closure}(Object(Illuminate\\Http\\Request))
#35 C:\\Users\\anton\\OneDrive\\Documents\\GitHub\\TLE1-Team7\\userstory-2\\vendor\\laravel\\framework\\src\\Illuminate\\Foundation\\Http\\Middleware\\TransformsRequest.php(21): Illuminate\\Pipeline\\Pipeline->Illuminate\\Pipeline\\{closure}(Object(Illuminate\\Http\\Request))
#36 C:\\Users\\anton\\OneDrive\\Documents\\GitHub\\TLE1-Team7\\userstory-2\\vendor\\laravel\\framework\\src\\Illuminate\\Foundation\\Http\\Middleware\\ConvertEmptyStringsToNull.php(31): Illuminate\\Foundation\\Http\\Middleware\\TransformsRequest->handle(Object(Illuminate\\Http\\Request), Object(Closure))
#37 C:\\Users\\anton\\OneDrive\\Documents\\GitHub\\TLE1-Team7\\userstory-2\\vendor\\laravel\\framework\\src\\Illuminate\\Pipeline\\Pipeline.php(180): Illuminate\\Foundation\\Http\\Middleware\\ConvertEmptyStringsToNull->handle(Object(Illuminate\\Http\\Request), Object(Closure))
#38 C:\\Users\\anton\\OneDrive\\Documents\\GitHub\\TLE1-Team7\\userstory-2\\vendor\\laravel\\framework\\src\\Illuminate\\Foundation\\Http\\Middleware\\TransformsRequest.php(21): Illuminate\\Pipeline\\Pipeline->Illuminate\\Pipeline\\{closure}(Object(Illuminate\\Http\\Request))
#39 C:\\Users\\anton\\OneDrive\\Documents\\GitHub\\TLE1-Team7\\userstory-2\\vendor\\laravel\\framework\\src\\Illuminate\\Foundation\\Http\\Middleware\\TrimStrings.php(40): Illuminate\\Foundation\\Http\\Middleware\\TransformsRequest->handle(Object(Illuminate\\Http\\Request), Object(Closure))
#40 C:\\Users\\anton\\OneDrive\\Documents\\GitHub\\TLE1-Team7\\userstory-2\\vendor\\laravel\\framework\\src\\Illuminate\\Pipeline\\Pipeline.php(180): Illuminate\\Foundation\\Http\\Middleware\\TrimStrings->handle(Object(Illuminate\\Http\\Request), Object(Closure))
#41 C:\\Users\\anton\\OneDrive\\Documents\\GitHub\\TLE1-Team7\\userstory-2\\vendor\\laravel\\framework\\src\\Illuminate\\Foundation\\Http\\Middleware\\ValidatePostSize.php(27): Illuminate\\Pipeline\\Pipeline->Illuminate\\Pipeline\\{closure}(Object(Illuminate\\Http\\Request))
#42 C:\\Users\\anton\\OneDrive\\Documents\\GitHub\\TLE1-Team7\\userstory-2\\vendor\\laravel\\framework\\src\\Illuminate\\Pipeline\\Pipeline.php(180): Illuminate\\Foundation\\Http\\Middleware\\ValidatePostSize->handle(Object(Illuminate\\Http\\Request), Object(Closure))
#43 C:\\Users\\anton\\OneDrive\\Documents\\GitHub\\TLE1-Team7\\userstory-2\\vendor\\laravel\\framework\\src\\Illuminate\\Foundation\\Http\\Middleware\\PreventRequestsDuringMaintenance.php(99): Illuminate\\Pipeline\\Pipeline->Illuminate\\Pipeline\\{closure}(Object(Illuminate\\Http\\Request))
#44 C:\\Users\\anton\\OneDrive\\Documents\\GitHub\\TLE1-Team7\\userstory-2\\vendor\\laravel\\framework\\src\\Illuminate\\Pipeline\\Pipeline.php(180): Illuminate\\Foundation\\Http\\Middleware\\PreventRequestsDuringMaintenance->handle(Object(Illuminate\\Http\\Request), Object(Closure))
#45 C:\\Users\\anton\\OneDrive\\Documents\\GitHub\\TLE1-Team7\\userstory-2\\vendor\\laravel\\framework\\src\\Illuminate\\Http\\Middleware\\HandleCors.php(49): Illuminate\\Pipeline\\Pipeline->Illuminate\\Pipeline\\{closure}(Object(Illuminate\\Http\\Request))
#46 C:\\Users\\anton\\OneDrive\\Documents\\GitHub\\TLE1-Team7\\userstory-2\\vendor\\laravel\\framework\\src\\Illuminate\\Pipeline\\Pipeline.php(180): Illuminate\\Http\\Middleware\\HandleCors->handle(Object(Illuminate\\Http\\Request), Object(Closure))
#47 C:\\Users\\anton\\OneDrive\\Documents\\GitHub\\TLE1-Team7\\userstory-2\\vendor\\laravel\\framework\\src\\Illuminate\\Http\\Middleware\\TrustProxies.php(39): Illuminate\\Pipeline\\Pipeline->Illuminate\\Pipeline\\{closure}(Object(Illuminate\\Http\\Request))
#48 C:\\Users\\anton\\OneDrive\\Documents\\GitHub\\TLE1-Team7\\userstory-2\\vendor\\laravel\\framework\\src\\Illuminate\\Pipeline\\Pipeline.php(180): Illuminate\\Http\\Middleware\\TrustProxies->handle(Object(Illuminate\\Http\\Request), Object(Closure))
#49 C:\\Users\\anton\\OneDrive\\Documents\\GitHub\\TLE1-Team7\\userstory-2\\vendor\\laravel\\framework\\src\\Illuminate\\Pipeline\\Pipeline.php(116): Illuminate\\Pipeline\\Pipeline->Illuminate\\Pipeline\\{closure}(Object(Illuminate\\Http\\Request))
#50 C:\\Users\\anton\\OneDrive\\Documents\\GitHub\\TLE1-Team7\\userstory-2\\vendor\\laravel\\framework\\src\\Illuminate\\Foundation\\Http\\Kernel.php(175): Illuminate\\Pipeline\\Pipeline->then(Object(Closure))
#51 C:\\Users\\anton\\OneDrive\\Documents\\GitHub\\TLE1-Team7\\userstory-2\\vendor\\laravel\\framework\\src\\Illuminate\\Foundation\\Http\\Kernel.php(144): Illuminate\\Foundation\\Http\\Kernel->sendRequestThroughRouter(Object(Illuminate\\Http\\Request))
#52 C:\\Users\\anton\\OneDrive\\Documents\\GitHub\\TLE1-Team7\\userstory-2\\public\\index.php(52): Illuminate\\Foundation\\Http\\Kernel->handle(Object(Illuminate\\Http\\Request))
#53 C:\\Users\\anton\\OneDrive\\Documents\\GitHub\\TLE1-Team7\\userstory-2\\vendor\\laravel\\framework\\src\\Illuminate\\Foundation\\resources\\server.php(16): require_once('C:\\\\Users\\\\anton\\\\...')
#54 {main}
"} 
[2023-11-20 18:25:19] local.ERROR: Unable to locate Mix file: /css/colors.scss. {"view":{"view":"C:\\Users\\anton\\OneDrive\\Documents\\GitHub\\TLE1-Team7\\userstory-2\\resources\\views\\colors.blade.php","data":{"errors":"<pre class=sf-dump id=sf-dump-1176966221 data-indent-pad=\"  \"><span class=sf-dump-note>Illuminate\\Support\\ViewErrorBag</span> {<a class=sf-dump-ref>#278</a><samp data-depth=1 class=sf-dump-expanded>
  #<span class=sf-dump-protected title=\"Protected property\">bags</span>: []
</samp>}
</pre><script>Sfdump(\"sf-dump-1176966221\", {\"maxDepth\":3,\"maxStringLength\":160})</script>
"}},"exception":"[object] (Spatie\\LaravelIgnition\\Exceptions\\ViewException(code: 0): Unable to locate Mix file: /css/colors.scss. at C:\\Users\\anton\\OneDrive\\Documents\\GitHub\\TLE1-Team7\\userstory-2\\vendor\\laravel\\framework\\src\\Illuminate\\Foundation\\Mix.php:61)
[stacktrace]
#0 C:\\Users\\anton\\OneDrive\\Documents\\GitHub\\TLE1-Team7\\userstory-2\\vendor\\laravel\\framework\\src\\Illuminate\\Foundation\\helpers.php(545): Illuminate\\Foundation\\Mix->__invoke('/css/colors.scs...')
#1 C:\\Users\\anton\\OneDrive\\Documents\\GitHub\\TLE1-Team7\\userstory-2\\resources\\views\\colors.blade.php(25): mix('css/colors.scss')
#2 C:\\Users\\anton\\OneDrive\\Documents\\GitHub\\TLE1-Team7\\userstory-2\\vendor\\laravel\\framework\\src\\Illuminate\\Filesystem\\Filesystem.php(124): require('C:\\\\Users\\\\anton\\\\...')
#3 C:\\Users\\anton\\OneDrive\\Documents\\GitHub\\TLE1-Team7\\userstory-2\\vendor\\laravel\\framework\\src\\Illuminate\\Filesystem\\Filesystem.php(125): Illuminate\\Filesystem\\Filesystem::Illuminate\\Filesystem\\{closure}()
#4 C:\\Users\\anton\\OneDrive\\Documents\\GitHub\\TLE1-Team7\\userstory-2\\vendor\\laravel\\framework\\src\\Illuminate\\View\\Engines\\PhpEngine.php(58): Illuminate\\Filesystem\\Filesystem->getRequire('C:\\\\Users\\\\anton\\\\...', Array)
#5 C:\\Users\\anton\\OneDrive\\Documents\\GitHub\\TLE1-Team7\\userstory-2\\vendor\\laravel\\framework\\src\\Illuminate\\View\\Engines\\CompilerEngine.php(72): Illuminate\\View\\Engines\\PhpEngine->evaluatePath('C:\\\\Users\\\\anton\\\\...', Array)
#6 C:\\Users\\anton\\OneDrive\\Documents\\GitHub\\TLE1-Team7\\userstory-2\\vendor\\laravel\\framework\\src\\Illuminate\\View\\View.php(207): Illuminate\\View\\Engines\\CompilerEngine->get('C:\\\\Users\\\\anton\\\\...', Array)
#7 C:\\Users\\anton\\OneDrive\\Documents\\GitHub\\TLE1-Team7\\userstory-2\\vendor\\laravel\\framework\\src\\Illuminate\\View\\View.php(190): Illuminate\\View\\View->getContents()
#8 C:\\Users\\anton\\OneDrive\\Documents\\GitHub\\TLE1-Team7\\userstory-2\\vendor\\laravel\\framework\\src\\Illuminate\\View\\View.php(159): Illuminate\\View\\View->renderContents()
#9 C:\\Users\\anton\\OneDrive\\Documents\\GitHub\\TLE1-Team7\\userstory-2\\vendor\\laravel\\framework\\src\\Illuminate\\Http\\Response.php(69): Illuminate\\View\\View->render()
#10 C:\\Users\\anton\\OneDrive\\Documents\\GitHub\\TLE1-Team7\\userstory-2\\vendor\\laravel\\framework\\src\\Illuminate\\Http\\Response.php(35): Illuminate\\Http\\Response->setContent(Object(Illuminate\\View\\View))
#11 C:\\Users\\anton\\OneDrive\\Documents\\GitHub\\TLE1-Team7\\userstory-2\\vendor\\laravel\\framework\\src\\Illuminate\\Routing\\Router.php(911): Illuminate\\Http\\Response->__construct(Object(Illuminate\\View\\View), 200, Array)
#12 C:\\Users\\anton\\OneDrive\\Documents\\GitHub\\TLE1-Team7\\userstory-2\\vendor\\laravel\\framework\\src\\Illuminate\\Routing\\Router.php(878): Illuminate\\Routing\\Router::toResponse(Object(Illuminate\\Http\\Request), Object(Illuminate\\View\\View))
#13 C:\\Users\\anton\\OneDrive\\Documents\\GitHub\\TLE1-Team7\\userstory-2\\vendor\\laravel\\framework\\src\\Illuminate\\Routing\\Router.php(799): Illuminate\\Routing\\Router->prepareResponse(Object(Illuminate\\Http\\Request), Object(Illuminate\\View\\View))
#14 C:\\Users\\anton\\OneDrive\\Documents\\GitHub\\TLE1-Team7\\userstory-2\\vendor\\laravel\\framework\\src\\Illuminate\\Pipeline\\Pipeline.php(141): Illuminate\\Routing\\Router->Illuminate\\Routing\\{closure}(Object(Illuminate\\Http\\Request))
#15 C:\\Users\\anton\\OneDrive\\Documents\\GitHub\\TLE1-Team7\\userstory-2\\vendor\\laravel\\framework\\src\\Illuminate\\Routing\\Middleware\\SubstituteBindings.php(50): Illuminate\\Pipeline\\Pipeline->Illuminate\\Pipeline\\{closure}(Object(Illuminate\\Http\\Request))
#16 C:\\Users\\anton\\OneDrive\\Documents\\GitHub\\TLE1-Team7\\userstory-2\\vendor\\laravel\\framework\\src\\Illuminate\\Pipeline\\Pipeline.php(180): Illuminate\\Routing\\Middleware\\SubstituteBindings->handle(Object(Illuminate\\Http\\Request), Object(Closure))
#17 C:\\Users\\anton\\OneDrive\\Documents\\GitHub\\TLE1-Team7\\userstory-2\\vendor\\laravel\\framework\\src\\Illuminate\\Foundation\\Http\\Middleware\\VerifyCsrfToken.php(78): Illuminate\\Pipeline\\Pipeline->Illuminate\\Pipeline\\{closure}(Object(Illuminate\\Http\\Request))
#18 C:\\Users\\anton\\OneDrive\\Documents\\GitHub\\TLE1-Team7\\userstory-2\\vendor\\laravel\\framework\\src\\Illuminate\\Pipeline\\Pipeline.php(180): Illuminate\\Foundation\\Http\\Middleware\\VerifyCsrfToken->handle(Object(Illuminate\\Http\\Request), Object(Closure))
#19 C:\\Users\\anton\\OneDrive\\Documents\\GitHub\\TLE1-Team7\\userstory-2\\vendor\\laravel\\framework\\src\\Illuminate\\View\\Middleware\\ShareErrorsFromSession.php(49): Illuminate\\Pipeline\\Pipeline->Illuminate\\Pipeline\\{closure}(Object(Illuminate\\Http\\Request))
#20 C:\\Users\\anton\\OneDrive\\Documents\\GitHub\\TLE1-Team7\\userstory-2\\vendor\\laravel\\framework\\src\\Illuminate\\Pipeline\\Pipeline.php(180): Illuminate\\View\\Middleware\\ShareErrorsFromSession->handle(Object(Illuminate\\Http\\Request), Object(Closure))
#21 C:\\Users\\anton\\OneDrive\\Documents\\GitHub\\TLE1-Team7\\userstory-2\\vendor\\laravel\\framework\\src\\Illuminate\\Session\\Middleware\\StartSession.php(121): Illuminate\\Pipeline\\Pipeline->Illuminate\\Pipeline\\{closure}(Object(Illuminate\\Http\\Request))
#22 C:\\Users\\anton\\OneDrive\\Documents\\GitHub\\TLE1-Team7\\userstory-2\\vendor\\laravel\\framework\\src\\Illuminate\\Session\\Middleware\\StartSession.php(64): Illuminate\\Session\\Middleware\\StartSession->handleStatefulRequest(Object(Illuminate\\Http\\Request), Object(Illuminate\\Session\\Store), Object(Closure))
#23 C:\\Users\\anton\\OneDrive\\Documents\\GitHub\\TLE1-Team7\\userstory-2\\vendor\\laravel\\framework\\src\\Illuminate\\Pipeline\\Pipeline.php(180): Illuminate\\Session\\Middleware\\StartSession->handle(Object(Illuminate\\Http\\Request), Object(Closure))
#24 C:\\Users\\anton\\OneDrive\\Documents\\GitHub\\TLE1-Team7\\userstory-2\\vendor\\laravel\\framework\\src\\Illuminate\\Cookie\\Middleware\\AddQueuedCookiesToResponse.php(37): Illuminate\\Pipeline\\Pipeline->Illuminate\\Pipeline\\{closure}(Object(Illuminate\\Http\\Request))
#25 C:\\Users\\anton\\OneDrive\\Documents\\GitHub\\TLE1-Team7\\userstory-2\\vendor\\laravel\\framework\\src\\Illuminate\\Pipeline\\Pipeline.php(180): Illuminate\\Cookie\\Middleware\\AddQueuedCookiesToResponse->handle(Object(Illuminate\\Http\\Request), Object(Closure))
#26 C:\\Users\\anton\\OneDrive\\Documents\\GitHub\\TLE1-Team7\\userstory-2\\vendor\\laravel\\framework\\src\\Illuminate\\Cookie\\Middleware\\EncryptCookies.php(67): Illuminate\\Pipeline\\Pipeline->Illuminate\\Pipeline\\{closure}(Object(Illuminate\\Http\\Request))
#27 C:\\Users\\anton\\OneDrive\\Documents\\GitHub\\TLE1-Team7\\userstory-2\\vendor\\laravel\\framework\\src\\Illuminate\\Pipeline\\Pipeline.php(180): Illuminate\\Cookie\\Middleware\\EncryptCookies->handle(Object(Illuminate\\Http\\Request), Object(Closure))
#28 C:\\Users\\anton\\OneDrive\\Documents\\GitHub\\TLE1-Team7\\userstory-2\\vendor\\laravel\\framework\\src\\Illuminate\\Pipeline\\Pipeline.php(116): Illuminate\\Pipeline\\Pipeline->Illuminate\\Pipeline\\{closure}(Object(Illuminate\\Http\\Request))
#29 C:\\Users\\anton\\OneDrive\\Documents\\GitHub\\TLE1-Team7\\userstory-2\\vendor\\laravel\\framework\\src\\Illuminate\\Routing\\Router.php(800): Illuminate\\Pipeline\\Pipeline->then(Object(Closure))
#30 C:\\Users\\anton\\OneDrive\\Documents\\GitHub\\TLE1-Team7\\userstory-2\\vendor\\laravel\\framework\\src\\Illuminate\\Routing\\Router.php(777): Illuminate\\Routing\\Router->runRouteWithinStack(Object(Illuminate\\Routing\\Route), Object(Illuminate\\Http\\Request))
#31 C:\\Users\\anton\\OneDrive\\Documents\\GitHub\\TLE1-Team7\\userstory-2\\vendor\\laravel\\framework\\src\\Illuminate\\Routing\\Router.php(741): Illuminate\\Routing\\Router->runRoute(Object(Illuminate\\Http\\Request), Object(Illuminate\\Routing\\Route))
#32 C:\\Users\\anton\\OneDrive\\Documents\\GitHub\\TLE1-Team7\\userstory-2\\vendor\\laravel\\framework\\src\\Illuminate\\Routing\\Router.php(730): Illuminate\\Routing\\Router->dispatchToRoute(Object(Illuminate\\Http\\Request))
#33 C:\\Users\\anton\\OneDrive\\Documents\\GitHub\\TLE1-Team7\\userstory-2\\vendor\\laravel\\framework\\src\\Illuminate\\Foundation\\Http\\Kernel.php(200): Illuminate\\Routing\\Router->dispatch(Object(Illuminate\\Http\\Request))
#34 C:\\Users\\anton\\OneDrive\\Documents\\GitHub\\TLE1-Team7\\userstory-2\\vendor\\laravel\\framework\\src\\Illuminate\\Pipeline\\Pipeline.php(141): Illuminate\\Foundation\\Http\\Kernel->Illuminate\\Foundation\\Http\\{closure}(Object(Illuminate\\Http\\Request))
#35 C:\\Users\\anton\\OneDrive\\Documents\\GitHub\\TLE1-Team7\\userstory-2\\vendor\\laravel\\framework\\src\\Illuminate\\Foundation\\Http\\Middleware\\TransformsRequest.php(21): Illuminate\\Pipeline\\Pipeline->Illuminate\\Pipeline\\{closure}(Object(Illuminate\\Http\\Request))
#36 C:\\Users\\anton\\OneDrive\\Documents\\GitHub\\TLE1-Team7\\userstory-2\\vendor\\laravel\\framework\\src\\Illuminate\\Foundation\\Http\\Middleware\\ConvertEmptyStringsToNull.php(31): Illuminate\\Foundation\\Http\\Middleware\\TransformsRequest->handle(Object(Illuminate\\Http\\Request), Object(Closure))
#37 C:\\Users\\anton\\OneDrive\\Documents\\GitHub\\TLE1-Team7\\userstory-2\\vendor\\laravel\\framework\\src\\Illuminate\\Pipeline\\Pipeline.php(180): Illuminate\\Foundation\\Http\\Middleware\\ConvertEmptyStringsToNull->handle(Object(Illuminate\\Http\\Request), Object(Closure))
#38 C:\\Users\\anton\\OneDrive\\Documents\\GitHub\\TLE1-Team7\\userstory-2\\vendor\\laravel\\framework\\src\\Illuminate\\Foundation\\Http\\Middleware\\TransformsRequest.php(21): Illuminate\\Pipeline\\Pipeline->Illuminate\\Pipeline\\{closure}(Object(Illuminate\\Http\\Request))
#39 C:\\Users\\anton\\OneDrive\\Documents\\GitHub\\TLE1-Team7\\userstory-2\\vendor\\laravel\\framework\\src\\Illuminate\\Foundation\\Http\\Middleware\\TrimStrings.php(40): Illuminate\\Foundation\\Http\\Middleware\\TransformsRequest->handle(Object(Illuminate\\Http\\Request), Object(Closure))
#40 C:\\Users\\anton\\OneDrive\\Documents\\GitHub\\TLE1-Team7\\userstory-2\\vendor\\laravel\\framework\\src\\Illuminate\\Pipeline\\Pipeline.php(180): Illuminate\\Foundation\\Http\\Middleware\\TrimStrings->handle(Object(Illuminate\\Http\\Request), Object(Closure))
#41 C:\\Users\\anton\\OneDrive\\Documents\\GitHub\\TLE1-Team7\\userstory-2\\vendor\\laravel\\framework\\src\\Illuminate\\Foundation\\Http\\Middleware\\ValidatePostSize.php(27): Illuminate\\Pipeline\\Pipeline->Illuminate\\Pipeline\\{closure}(Object(Illuminate\\Http\\Request))
#42 C:\\Users\\anton\\OneDrive\\Documents\\GitHub\\TLE1-Team7\\userstory-2\\vendor\\laravel\\framework\\src\\Illuminate\\Pipeline\\Pipeline.php(180): Illuminate\\Foundation\\Http\\Middleware\\ValidatePostSize->handle(Object(Illuminate\\Http\\Request), Object(Closure))
#43 C:\\Users\\anton\\OneDrive\\Documents\\GitHub\\TLE1-Team7\\userstory-2\\vendor\\laravel\\framework\\src\\Illuminate\\Foundation\\Http\\Middleware\\PreventRequestsDuringMaintenance.php(99): Illuminate\\Pipeline\\Pipeline->Illuminate\\Pipeline\\{closure}(Object(Illuminate\\Http\\Request))
#44 C:\\Users\\anton\\OneDrive\\Documents\\GitHub\\TLE1-Team7\\userstory-2\\vendor\\laravel\\framework\\src\\Illuminate\\Pipeline\\Pipeline.php(180): Illuminate\\Foundation\\Http\\Middleware\\PreventRequestsDuringMaintenance->handle(Object(Illuminate\\Http\\Request), Object(Closure))
#45 C:\\Users\\anton\\OneDrive\\Documents\\GitHub\\TLE1-Team7\\userstory-2\\vendor\\laravel\\framework\\src\\Illuminate\\Http\\Middleware\\HandleCors.php(49): Illuminate\\Pipeline\\Pipeline->Illuminate\\Pipeline\\{closure}(Object(Illuminate\\Http\\Request))
#46 C:\\Users\\anton\\OneDrive\\Documents\\GitHub\\TLE1-Team7\\userstory-2\\vendor\\laravel\\framework\\src\\Illuminate\\Pipeline\\Pipeline.php(180): Illuminate\\Http\\Middleware\\HandleCors->handle(Object(Illuminate\\Http\\Request), Object(Closure))
#47 C:\\Users\\anton\\OneDrive\\Documents\\GitHub\\TLE1-Team7\\userstory-2\\vendor\\laravel\\framework\\src\\Illuminate\\Http\\Middleware\\TrustProxies.php(39): Illuminate\\Pipeline\\Pipeline->Illuminate\\Pipeline\\{closure}(Object(Illuminate\\Http\\Request))
#48 C:\\Users\\anton\\OneDrive\\Documents\\GitHub\\TLE1-Team7\\userstory-2\\vendor\\laravel\\framework\\src\\Illuminate\\Pipeline\\Pipeline.php(180): Illuminate\\Http\\Middleware\\TrustProxies->handle(Object(Illuminate\\Http\\Request), Object(Closure))
#49 C:\\Users\\anton\\OneDrive\\Documents\\GitHub\\TLE1-Team7\\userstory-2\\vendor\\laravel\\framework\\src\\Illuminate\\Pipeline\\Pipeline.php(116): Illuminate\\Pipeline\\Pipeline->Illuminate\\Pipeline\\{closure}(Object(Illuminate\\Http\\Request))
#50 C:\\Users\\anton\\OneDrive\\Documents\\GitHub\\TLE1-Team7\\userstory-2\\vendor\\laravel\\framework\\src\\Illuminate\\Foundation\\Http\\Kernel.php(175): Illuminate\\Pipeline\\Pipeline->then(Object(Closure))
#51 C:\\Users\\anton\\OneDrive\\Documents\\GitHub\\TLE1-Team7\\userstory-2\\vendor\\laravel\\framework\\src\\Illuminate\\Foundation\\Http\\Kernel.php(144): Illuminate\\Foundation\\Http\\Kernel->sendRequestThroughRouter(Object(Illuminate\\Http\\Request))
#52 C:\\Users\\anton\\OneDrive\\Documents\\GitHub\\TLE1-Team7\\userstory-2\\public\\index.php(52): Illuminate\\Foundation\\Http\\Kernel->handle(Object(Illuminate\\Http\\Request))
#53 C:\\Users\\anton\\OneDrive\\Documents\\GitHub\\TLE1-Team7\\userstory-2\\vendor\\laravel\\framework\\src\\Illuminate\\Foundation\\resources\\server.php(16): require_once('C:\\\\Users\\\\anton\\\\...')
#54 {main}

[previous exception] [object] (Exception(code: 0): Unable to locate Mix file: /css/colors.scss. at C:\\Users\\anton\\OneDrive\\Documents\\GitHub\\TLE1-Team7\\userstory-2\\vendor\\laravel\\framework\\src\\Illuminate\\Foundation\\Mix.php:61)
[stacktrace]
#0 C:\\Users\\anton\\OneDrive\\Documents\\GitHub\\TLE1-Team7\\userstory-2\\vendor\\laravel\\framework\\src\\Illuminate\\Foundation\\helpers.php(545): Illuminate\\Foundation\\Mix->__invoke('/css/colors.scs...')
#1 C:\\Users\\anton\\OneDrive\\Documents\\GitHub\\TLE1-Team7\\userstory-2\\storage\\framework\\views\\79e1b13aa991ea8fded1b9d7d2dbc9de.php(25): mix('css/colors.scss')
#2 C:\\Users\\anton\\OneDrive\\Documents\\GitHub\\TLE1-Team7\\userstory-2\\vendor\\laravel\\framework\\src\\Illuminate\\Filesystem\\Filesystem.php(124): require('C:\\\\Users\\\\anton\\\\...')
#3 C:\\Users\\anton\\OneDrive\\Documents\\GitHub\\TLE1-Team7\\userstory-2\\vendor\\laravel\\framework\\src\\Illuminate\\Filesystem\\Filesystem.php(125): Illuminate\\Filesystem\\Filesystem::Illuminate\\Filesystem\\{closure}()
#4 C:\\Users\\anton\\OneDrive\\Documents\\GitHub\\TLE1-Team7\\userstory-2\\vendor\\laravel\\framework\\src\\Illuminate\\View\\Engines\\PhpEngine.php(58): Illuminate\\Filesystem\\Filesystem->getRequire('C:\\\\Users\\\\anton\\\\...', Array)
#5 C:\\Users\\anton\\OneDrive\\Documents\\GitHub\\TLE1-Team7\\userstory-2\\vendor\\laravel\\framework\\src\\Illuminate\\View\\Engines\\CompilerEngine.php(72): Illuminate\\View\\Engines\\PhpEngine->evaluatePath('C:\\\\Users\\\\anton\\\\...', Array)
#6 C:\\Users\\anton\\OneDrive\\Documents\\GitHub\\TLE1-Team7\\userstory-2\\vendor\\laravel\\framework\\src\\Illuminate\\View\\View.php(207): Illuminate\\View\\Engines\\CompilerEngine->get('C:\\\\Users\\\\anton\\\\...', Array)
#7 C:\\Users\\anton\\OneDrive\\Documents\\GitHub\\TLE1-Team7\\userstory-2\\vendor\\laravel\\framework\\src\\Illuminate\\View\\View.php(190): Illuminate\\View\\View->getContents()
#8 C:\\Users\\anton\\OneDrive\\Documents\\GitHub\\TLE1-Team7\\userstory-2\\vendor\\laravel\\framework\\src\\Illuminate\\View\\View.php(159): Illuminate\\View\\View->renderContents()
#9 C:\\Users\\anton\\OneDrive\\Documents\\GitHub\\TLE1-Team7\\userstory-2\\vendor\\laravel\\framework\\src\\Illuminate\\Http\\Response.php(69): Illuminate\\View\\View->render()
#10 C:\\Users\\anton\\OneDrive\\Documents\\GitHub\\TLE1-Team7\\userstory-2\\vendor\\laravel\\framework\\src\\Illuminate\\Http\\Response.php(35): Illuminate\\Http\\Response->setContent(Object(Illuminate\\View\\View))
#11 C:\\Users\\anton\\OneDrive\\Documents\\GitHub\\TLE1-Team7\\userstory-2\\vendor\\laravel\\framework\\src\\Illuminate\\Routing\\Router.php(911): Illuminate\\Http\\Response->__construct(Object(Illuminate\\View\\View), 200, Array)
#12 C:\\Users\\anton\\OneDrive\\Documents\\GitHub\\TLE1-Team7\\userstory-2\\vendor\\laravel\\framework\\src\\Illuminate\\Routing\\Router.php(878): Illuminate\\Routing\\Router::toResponse(Object(Illuminate\\Http\\Request), Object(Illuminate\\View\\View))
#13 C:\\Users\\anton\\OneDrive\\Documents\\GitHub\\TLE1-Team7\\userstory-2\\vendor\\laravel\\framework\\src\\Illuminate\\Routing\\Router.php(799): Illuminate\\Routing\\Router->prepareResponse(Object(Illuminate\\Http\\Request), Object(Illuminate\\View\\View))
#14 C:\\Users\\anton\\OneDrive\\Documents\\GitHub\\TLE1-Team7\\userstory-2\\vendor\\laravel\\framework\\src\\Illuminate\\Pipeline\\Pipeline.php(141): Illuminate\\Routing\\Router->Illuminate\\Routing\\{closure}(Object(Illuminate\\Http\\Request))
#15 C:\\Users\\anton\\OneDrive\\Documents\\GitHub\\TLE1-Team7\\userstory-2\\vendor\\laravel\\framework\\src\\Illuminate\\Routing\\Middleware\\SubstituteBindings.php(50): Illuminate\\Pipeline\\Pipeline->Illuminate\\Pipeline\\{closure}(Object(Illuminate\\Http\\Request))
#16 C:\\Users\\anton\\OneDrive\\Documents\\GitHub\\TLE1-Team7\\userstory-2\\vendor\\laravel\\framework\\src\\Illuminate\\Pipeline\\Pipeline.php(180): Illuminate\\Routing\\Middleware\\SubstituteBindings->handle(Object(Illuminate\\Http\\Request), Object(Closure))
#17 C:\\Users\\anton\\OneDrive\\Documents\\GitHub\\TLE1-Team7\\userstory-2\\vendor\\laravel\\framework\\src\\Illuminate\\Foundation\\Http\\Middleware\\VerifyCsrfToken.php(78): Illuminate\\Pipeline\\Pipeline->Illuminate\\Pipeline\\{closure}(Object(Illuminate\\Http\\Request))
#18 C:\\Users\\anton\\OneDrive\\Documents\\GitHub\\TLE1-Team7\\userstory-2\\vendor\\laravel\\framework\\src\\Illuminate\\Pipeline\\Pipeline.php(180): Illuminate\\Foundation\\Http\\Middleware\\VerifyCsrfToken->handle(Object(Illuminate\\Http\\Request), Object(Closure))
#19 C:\\Users\\anton\\OneDrive\\Documents\\GitHub\\TLE1-Team7\\userstory-2\\vendor\\laravel\\framework\\src\\Illuminate\\View\\Middleware\\ShareErrorsFromSession.php(49): Illuminate\\Pipeline\\Pipeline->Illuminate\\Pipeline\\{closure}(Object(Illuminate\\Http\\Request))
#20 C:\\Users\\anton\\OneDrive\\Documents\\GitHub\\TLE1-Team7\\userstory-2\\vendor\\laravel\\framework\\src\\Illuminate\\Pipeline\\Pipeline.php(180): Illuminate\\View\\Middleware\\ShareErrorsFromSession->handle(Object(Illuminate\\Http\\Request), Object(Closure))
#21 C:\\Users\\anton\\OneDrive\\Documents\\GitHub\\TLE1-Team7\\userstory-2\\vendor\\laravel\\framework\\src\\Illuminate\\Session\\Middleware\\StartSession.php(121): Illuminate\\Pipeline\\Pipeline->Illuminate\\Pipeline\\{closure}(Object(Illuminate\\Http\\Request))
#22 C:\\Users\\anton\\OneDrive\\Documents\\GitHub\\TLE1-Team7\\userstory-2\\vendor\\laravel\\framework\\src\\Illuminate\\Session\\Middleware\\StartSession.php(64): Illuminate\\Session\\Middleware\\StartSession->handleStatefulRequest(Object(Illuminate\\Http\\Request), Object(Illuminate\\Session\\Store), Object(Closure))
#23 C:\\Users\\anton\\OneDrive\\Documents\\GitHub\\TLE1-Team7\\userstory-2\\vendor\\laravel\\framework\\src\\Illuminate\\Pipeline\\Pipeline.php(180): Illuminate\\Session\\Middleware\\StartSession->handle(Object(Illuminate\\Http\\Request), Object(Closure))
#24 C:\\Users\\anton\\OneDrive\\Documents\\GitHub\\TLE1-Team7\\userstory-2\\vendor\\laravel\\framework\\src\\Illuminate\\Cookie\\Middleware\\AddQueuedCookiesToResponse.php(37): Illuminate\\Pipeline\\Pipeline->Illuminate\\Pipeline\\{closure}(Object(Illuminate\\Http\\Request))
#25 C:\\Users\\anton\\OneDrive\\Documents\\GitHub\\TLE1-Team7\\userstory-2\\vendor\\laravel\\framework\\src\\Illuminate\\Pipeline\\Pipeline.php(180): Illuminate\\Cookie\\Middleware\\AddQueuedCookiesToResponse->handle(Object(Illuminate\\Http\\Request), Object(Closure))
#26 C:\\Users\\anton\\OneDrive\\Documents\\GitHub\\TLE1-Team7\\userstory-2\\vendor\\laravel\\framework\\src\\Illuminate\\Cookie\\Middleware\\EncryptCookies.php(67): Illuminate\\Pipeline\\Pipeline->Illuminate\\Pipeline\\{closure}(Object(Illuminate\\Http\\Request))
#27 C:\\Users\\anton\\OneDrive\\Documents\\GitHub\\TLE1-Team7\\userstory-2\\vendor\\laravel\\framework\\src\\Illuminate\\Pipeline\\Pipeline.php(180): Illuminate\\Cookie\\Middleware\\EncryptCookies->handle(Object(Illuminate\\Http\\Request), Object(Closure))
#28 C:\\Users\\anton\\OneDrive\\Documents\\GitHub\\TLE1-Team7\\userstory-2\\vendor\\laravel\\framework\\src\\Illuminate\\Pipeline\\Pipeline.php(116): Illuminate\\Pipeline\\Pipeline->Illuminate\\Pipeline\\{closure}(Object(Illuminate\\Http\\Request))
#29 C:\\Users\\anton\\OneDrive\\Documents\\GitHub\\TLE1-Team7\\userstory-2\\vendor\\laravel\\framework\\src\\Illuminate\\Routing\\Router.php(800): Illuminate\\Pipeline\\Pipeline->then(Object(Closure))
#30 C:\\Users\\anton\\OneDrive\\Documents\\GitHub\\TLE1-Team7\\userstory-2\\vendor\\laravel\\framework\\src\\Illuminate\\Routing\\Router.php(777): Illuminate\\Routing\\Router->runRouteWithinStack(Object(Illuminate\\Routing\\Route), Object(Illuminate\\Http\\Request))
#31 C:\\Users\\anton\\OneDrive\\Documents\\GitHub\\TLE1-Team7\\userstory-2\\vendor\\laravel\\framework\\src\\Illuminate\\Routing\\Router.php(741): Illuminate\\Routing\\Router->runRoute(Object(Illuminate\\Http\\Request), Object(Illuminate\\Routing\\Route))
#32 C:\\Users\\anton\\OneDrive\\Documents\\GitHub\\TLE1-Team7\\userstory-2\\vendor\\laravel\\framework\\src\\Illuminate\\Routing\\Router.php(730): Illuminate\\Routing\\Router->dispatchToRoute(Object(Illuminate\\Http\\Request))
#33 C:\\Users\\anton\\OneDrive\\Documents\\GitHub\\TLE1-Team7\\userstory-2\\vendor\\laravel\\framework\\src\\Illuminate\\Foundation\\Http\\Kernel.php(200): Illuminate\\Routing\\Router->dispatch(Object(Illuminate\\Http\\Request))
#34 C:\\Users\\anton\\OneDrive\\Documents\\GitHub\\TLE1-Team7\\userstory-2\\vendor\\laravel\\framework\\src\\Illuminate\\Pipeline\\Pipeline.php(141): Illuminate\\Foundation\\Http\\Kernel->Illuminate\\Foundation\\Http\\{closure}(Object(Illuminate\\Http\\Request))
#35 C:\\Users\\anton\\OneDrive\\Documents\\GitHub\\TLE1-Team7\\userstory-2\\vendor\\laravel\\framework\\src\\Illuminate\\Foundation\\Http\\Middleware\\TransformsRequest.php(21): Illuminate\\Pipeline\\Pipeline->Illuminate\\Pipeline\\{closure}(Object(Illuminate\\Http\\Request))
#36 C:\\Users\\anton\\OneDrive\\Documents\\GitHub\\TLE1-Team7\\userstory-2\\vendor\\laravel\\framework\\src\\Illuminate\\Foundation\\Http\\Middleware\\ConvertEmptyStringsToNull.php(31): Illuminate\\Foundation\\Http\\Middleware\\TransformsRequest->handle(Object(Illuminate\\Http\\Request), Object(Closure))
#37 C:\\Users\\anton\\OneDrive\\Documents\\GitHub\\TLE1-Team7\\userstory-2\\vendor\\laravel\\framework\\src\\Illuminate\\Pipeline\\Pipeline.php(180): Illuminate\\Foundation\\Http\\Middleware\\ConvertEmptyStringsToNull->handle(Object(Illuminate\\Http\\Request), Object(Closure))
#38 C:\\Users\\anton\\OneDrive\\Documents\\GitHub\\TLE1-Team7\\userstory-2\\vendor\\laravel\\framework\\src\\Illuminate\\Foundation\\Http\\Middleware\\TransformsRequest.php(21): Illuminate\\Pipeline\\Pipeline->Illuminate\\Pipeline\\{closure}(Object(Illuminate\\Http\\Request))
#39 C:\\Users\\anton\\OneDrive\\Documents\\GitHub\\TLE1-Team7\\userstory-2\\vendor\\laravel\\framework\\src\\Illuminate\\Foundation\\Http\\Middleware\\TrimStrings.php(40): Illuminate\\Foundation\\Http\\Middleware\\TransformsRequest->handle(Object(Illuminate\\Http\\Request), Object(Closure))
#40 C:\\Users\\anton\\OneDrive\\Documents\\GitHub\\TLE1-Team7\\userstory-2\\vendor\\laravel\\framework\\src\\Illuminate\\Pipeline\\Pipeline.php(180): Illuminate\\Foundation\\Http\\Middleware\\TrimStrings->handle(Object(Illuminate\\Http\\Request), Object(Closure))
#41 C:\\Users\\anton\\OneDrive\\Documents\\GitHub\\TLE1-Team7\\userstory-2\\vendor\\laravel\\framework\\src\\Illuminate\\Foundation\\Http\\Middleware\\ValidatePostSize.php(27): Illuminate\\Pipeline\\Pipeline->Illuminate\\Pipeline\\{closure}(Object(Illuminate\\Http\\Request))
#42 C:\\Users\\anton\\OneDrive\\Documents\\GitHub\\TLE1-Team7\\userstory-2\\vendor\\laravel\\framework\\src\\Illuminate\\Pipeline\\Pipeline.php(180): Illuminate\\Foundation\\Http\\Middleware\\ValidatePostSize->handle(Object(Illuminate\\Http\\Request), Object(Closure))
#43 C:\\Users\\anton\\OneDrive\\Documents\\GitHub\\TLE1-Team7\\userstory-2\\vendor\\laravel\\framework\\src\\Illuminate\\Foundation\\Http\\Middleware\\PreventRequestsDuringMaintenance.php(99): Illuminate\\Pipeline\\Pipeline->Illuminate\\Pipeline\\{closure}(Object(Illuminate\\Http\\Request))
#44 C:\\Users\\anton\\OneDrive\\Documents\\GitHub\\TLE1-Team7\\userstory-2\\vendor\\laravel\\framework\\src\\Illuminate\\Pipeline\\Pipeline.php(180): Illuminate\\Foundation\\Http\\Middleware\\PreventRequestsDuringMaintenance->handle(Object(Illuminate\\Http\\Request), Object(Closure))
#45 C:\\Users\\anton\\OneDrive\\Documents\\GitHub\\TLE1-Team7\\userstory-2\\vendor\\laravel\\framework\\src\\Illuminate\\Http\\Middleware\\HandleCors.php(49): Illuminate\\Pipeline\\Pipeline->Illuminate\\Pipeline\\{closure}(Object(Illuminate\\Http\\Request))
#46 C:\\Users\\anton\\OneDrive\\Documents\\GitHub\\TLE1-Team7\\userstory-2\\vendor\\laravel\\framework\\src\\Illuminate\\Pipeline\\Pipeline.php(180): Illuminate\\Http\\Middleware\\HandleCors->handle(Object(Illuminate\\Http\\Request), Object(Closure))
#47 C:\\Users\\anton\\OneDrive\\Documents\\GitHub\\TLE1-Team7\\userstory-2\\vendor\\laravel\\framework\\src\\Illuminate\\Http\\Middleware\\TrustProxies.php(39): Illuminate\\Pipeline\\Pipeline->Illuminate\\Pipeline\\{closure}(Object(Illuminate\\Http\\Request))
#48 C:\\Users\\anton\\OneDrive\\Documents\\GitHub\\TLE1-Team7\\userstory-2\\vendor\\laravel\\framework\\src\\Illuminate\\Pipeline\\Pipeline.php(180): Illuminate\\Http\\Middleware\\TrustProxies->handle(Object(Illuminate\\Http\\Request), Object(Closure))
#49 C:\\Users\\anton\\OneDrive\\Documents\\GitHub\\TLE1-Team7\\userstory-2\\vendor\\laravel\\framework\\src\\Illuminate\\Pipeline\\Pipeline.php(116): Illuminate\\Pipeline\\Pipeline->Illuminate\\Pipeline\\{closure}(Object(Illuminate\\Http\\Request))
#50 C:\\Users\\anton\\OneDrive\\Documents\\GitHub\\TLE1-Team7\\userstory-2\\vendor\\laravel\\framework\\src\\Illuminate\\Foundation\\Http\\Kernel.php(175): Illuminate\\Pipeline\\Pipeline->then(Object(Closure))
#51 C:\\Users\\anton\\OneDrive\\Documents\\GitHub\\TLE1-Team7\\userstory-2\\vendor\\laravel\\framework\\src\\Illuminate\\Foundation\\Http\\Kernel.php(144): Illuminate\\Foundation\\Http\\Kernel->sendRequestThroughRouter(Object(Illuminate\\Http\\Request))
#52 C:\\Users\\anton\\OneDrive\\Documents\\GitHub\\TLE1-Team7\\userstory-2\\public\\index.php(52): Illuminate\\Foundation\\Http\\Kernel->handle(Object(Illuminate\\Http\\Request))
#53 C:\\Users\\anton\\OneDrive\\Documents\\GitHub\\TLE1-Team7\\userstory-2\\vendor\\laravel\\framework\\src\\Illuminate\\Foundation\\resources\\server.php(16): require_once('C:\\\\Users\\\\anton\\\\...')
#54 {main}
"} 
